        -:    0:Source:dominion.c
        -:    0:Graph:dominion.gcno
        -:    0:Data:dominion.gcda
        -:    0:Runs:1
        -:    0:Programs:1
        -:    1:#include "dominion.h"
        -:    2:#include "dominion_helpers.h"
        -:    3:#include "rngs.h"
        -:    4:#include <stdio.h>
        -:    5:#include <math.h>
        -:    6:#include <stdlib.h>
        -:    7:
function compare called 224 returned 100% blocks executed 85%
      224:    8:int compare(const void* a, const void* b) {
      224:    9:    if (*(int*)a > *(int*)b)
branch  0 taken 0%
branch  1 taken 100%
    #####:   10:        return 1;
      224:   11:    if (*(int*)a < *(int*)b)
branch  0 taken 36%
branch  1 taken 64%
       80:   12:        return -1;
      144:   13:    return 0;
      224:   14:}
        -:   15:
function newGame called 0 returned 0% blocks executed 0%
    #####:   16:struct gameState* newGame() {
    #####:   17:    struct gameState* g = malloc(sizeof(struct gameState));
    #####:   18:    return g;
        -:   19:}
        -:   20:
function kingdomCards called 0 returned 0% blocks executed 0%
    #####:   21:int* kingdomCards(int k1, int k2, int k3, int k4, int k5, int k6, int k7, int k8, int k9, int k10) {
    #####:   22:    int* k = malloc(10 * sizeof(int));
    #####:   23:    k[0] = k1;
    #####:   24:    k[1] = k2;
    #####:   25:    k[2] = k3;
    #####:   26:    k[3] = k4;
    #####:   27:    k[4] = k5;
    #####:   28:    k[5] = k6;
    #####:   29:    k[6] = k7;
    #####:   30:    k[7] = k8;
    #####:   31:    k[8] = k9;
    #####:   32:    k[9] = k10;
    #####:   33:    return k;
        -:   34:}
        -:   35:
function initializeGame called 8 returned 100% blocks executed 87%
        8:   36:int initializeGame(int numPlayers, int kingdomCards[10], int randomSeed, struct gameState *state) {
        -:   37:    int i;
        -:   38:    int j;
        -:   39:    int it;
        -:   40:
        -:   41:    //set up random number generator
        8:   42:    SelectStream(1);
        8:   43:    PutSeed((long)randomSeed);
        -:   44:
        -:   45:    //check number of players
        8:   46:    if (numPlayers > MAX_PLAYERS || numPlayers < 2) {
branch  0 taken 100%
branch  1 taken 0%
branch  2 taken 0%
branch  3 taken 100%
    #####:   47:        return -1;
        -:   48:    }
        -:   49:
        -:   50:    //set number of players
        8:   51:    state->numPlayers = numPlayers;
        -:   52:
        -:   53:    //check selected kingdom cards are different
       88:   54:    for (i = 0; i < 10; i++) {
branch  0 taken 91%
branch  1 taken 9%
      880:   55:        for (j = 0; j < 10; j++) {
branch  0 taken 91%
branch  1 taken 9%
      800:   56:            if (j != i && kingdomCards[j] == kingdomCards[i]) {
branch  0 taken 90%
branch  1 taken 10%
branch  2 taken 0%
branch  3 taken 100%
    #####:   57:                return -1;
        -:   58:            }
      800:   59:        }
       80:   60:    }
        -:   61:
        -:   62:    //initialize supply
        -:   63:    ///////////////////////////////
        -:   64:
        -:   65:    //set number of Curse cards
        8:   66:    if (numPlayers == 2) {
branch  0 taken 100%
branch  1 taken 0%
        8:   67:        state->supplyCount[curse] = 10;
        8:   68:    }
    #####:   69:    else if (numPlayers == 3) {
branch  0 never executed
branch  1 never executed
    #####:   70:        state->supplyCount[curse] = 20;
    #####:   71:    }
        -:   72:    else {
    #####:   73:        state->supplyCount[curse] = 30;
        -:   74:    }
        -:   75:
        -:   76:    //set number of Victory cards
        8:   77:    if (numPlayers == 2) {
branch  0 taken 100%
branch  1 taken 0%
        8:   78:        state->supplyCount[estate] = 8;
        8:   79:        state->supplyCount[duchy] = 8;
        8:   80:        state->supplyCount[province] = 8;
        8:   81:    }
        -:   82:    else {
    #####:   83:        state->supplyCount[estate] = 12;
    #####:   84:        state->supplyCount[duchy] = 12;
    #####:   85:        state->supplyCount[province] = 12;
        -:   86:    }
        -:   87:
        -:   88:    //set number of Treasure cards
        8:   89:    state->supplyCount[copper] = 60 - (7 * numPlayers);
        8:   90:    state->supplyCount[silver] = 40;
        8:   91:    state->supplyCount[gold] = 30;
        -:   92:
        -:   93:    //set number of Kingdom cards
      168:   94:    for (i = adventurer; i <= treasure_map; i++)       	//loop all cards
branch  0 taken 95%
branch  1 taken 5%
        -:   95:    {
     1320:   96:        for (j = 0; j < 10; j++)           		//loop chosen cards
branch  0 taken 94%
branch  1 taken 6%
        -:   97:        {
     1240:   98:            if (kingdomCards[j] == i)
branch  0 taken 6%
branch  1 taken 94%
        -:   99:            {
        -:  100:                //check if card is a 'Victory' Kingdom card
       80:  101:                if (kingdomCards[j] == great_hall || kingdomCards[j] == gardens)
branch  0 taken 90%
branch  1 taken 10%
branch  2 taken 11%
branch  3 taken 89%
        -:  102:                {
       16:  103:                    if (numPlayers == 2) {
branch  0 taken 100%
branch  1 taken 0%
       16:  104:                        state->supplyCount[i] = 8;
       16:  105:                    }
        -:  106:                    else {
    #####:  107:                        state->supplyCount[i] = 12;
        -:  108:                    }
       16:  109:                }
        -:  110:                else
        -:  111:                {
       64:  112:                    state->supplyCount[i] = 10;
        -:  113:                }
       80:  114:                break;
        -:  115:            }
        -:  116:            else    //card is not in the set choosen for the game
        -:  117:            {
     1160:  118:                state->supplyCount[i] = -1;
        -:  119:            }
     1160:  120:        }
        -:  121:
      160:  122:    }
        -:  123:
        -:  124:    ////////////////////////
        -:  125:    //supply initialization complete
        -:  126:
        -:  127:    //set player decks
       24:  128:    for (i = 0; i < numPlayers; i++) {
branch  0 taken 67%
branch  1 taken 33%
       16:  129:        state->deckCount[i] = 0;
       64:  130:        for (j = 0; j < 3; j++) {
branch  0 taken 75%
branch  1 taken 25%
       48:  131:            state->deck[i][j] = estate;
       48:  132:            state->deckCount[i]++;
       48:  133:        }
      128:  134:        for (j = 3; j < 10; j++) {
branch  0 taken 88%
branch  1 taken 13%
      112:  135:            state->deck[i][j] = copper;
      112:  136:            state->deckCount[i]++;
      112:  137:        }
       16:  138:    }
        -:  139:
        -:  140:    //shuffle player decks
       24:  141:    for (i = 0; i < numPlayers; i++) {
branch  0 taken 67%
branch  1 taken 33%
       16:  142:        if ( shuffle(i, state) < 0 ) {
branch  0 taken 0%
branch  1 taken 100%
    #####:  143:            return -1;
        -:  144:        }
       16:  145:    }
        -:  146:
        -:  147:    //draw player hands
       24:  148:    for (i = 0; i < numPlayers; i++) {
branch  0 taken 67%
branch  1 taken 33%
        -:  149:        //initialize hand size to zero
       16:  150:        state->handCount[i] = 0;
       16:  151:        state->discardCount[i] = 0;
        -:  152:        //draw 5 cards
        -:  153:        // for (j = 0; j < 5; j++)
        -:  154:        //	{
        -:  155:        //	  drawCard(i, state);
        -:  156:        //	}
       16:  157:    }
        -:  158:
        -:  159:    //set embargo tokens to 0 for all supply piles
      224:  160:    for (i = 0; i <= treasure_map; i++) {
branch  0 taken 96%
branch  1 taken 4%
      216:  161:        state->embargoTokens[i] = 0;
      216:  162:    }
        -:  163:
        -:  164:    //initialize first player's turn
        8:  165:    state->outpostPlayed = 0;
        8:  166:    state->phase = 0;
        8:  167:    state->numActions = 1;
        8:  168:    state->numBuys = 1;
        8:  169:    state->playedCardCount = 0;
        8:  170:    state->whoseTurn = 0;
        8:  171:    state->handCount[state->whoseTurn] = 0;
        -:  172:    //int it; move to top
        -:  173:
        -:  174:    //Moved draw cards to here, only drawing at the start of a turn
       48:  175:    for (it = 0; it < 5; it++) {
branch  0 taken 83%
branch  1 taken 17%
       40:  176:        drawCard(state->whoseTurn, state);
       40:  177:    }
        -:  178:
        8:  179:    updateCoins(state->whoseTurn, state, 0);
        -:  180:
        8:  181:    return 0;
        8:  182:}
        -:  183:
function shuffle called 16 returned 100% blocks executed 93%
       16:  184:int shuffle(int player, struct gameState *state) {
        -:  185:
        -:  186:    int newDeck[MAX_DECK];
       16:  187:    int newDeckPos = 0;
        -:  188:    int card;
        -:  189:    int i;
        -:  190:
       16:  191:    if (state->deckCount[player] < 1)
branch  0 taken 0%
branch  1 taken 100%
    #####:  192:        return -1;
       16:  193:    qsort ((void*)(state->deck[player]), state->deckCount[player], sizeof(int), compare);
        -:  194:    /* SORT CARDS IN DECK TO ENSURE DETERMINISM! */
        -:  195:
      176:  196:    while (state->deckCount[player] > 0) {
branch  0 taken 91%
branch  1 taken 9%
      160:  197:        card = floor(Random() * state->deckCount[player]);
      160:  198:        newDeck[newDeckPos] = state->deck[player][card];
      160:  199:        newDeckPos++;
      538:  200:        for (i = card; i < state->deckCount[player]-1; i++) {
branch  0 taken 70%
branch  1 taken 30%
      378:  201:            state->deck[player][i] = state->deck[player][i+1];
      378:  202:        }
      160:  203:        state->deckCount[player]--;
        -:  204:    }
      176:  205:    for (i = 0; i < newDeckPos; i++) {
branch  0 taken 91%
branch  1 taken 9%
      160:  206:        state->deck[player][i] = newDeck[i];
      160:  207:        state->deckCount[player]++;
      160:  208:    }
        -:  209:
       16:  210:    return 0;
       16:  211:}
        -:  212:
function playCard called 1 returned 100% blocks executed 66%
        1:  213:int playCard(int handPos, int choice1, int choice2, int choice3, struct gameState *state) {
        -:  214:    int card;
        1:  215:    int coin_bonus = 0; 		//tracks coins gain from actions
        -:  216:
        -:  217:    //check if it is the right phase
        1:  218:    if (state->phase != 0)
branch  0 taken 0%
branch  1 taken 100%
        -:  219:    {
    #####:  220:        return -1;
        -:  221:    }
        -:  222:
        -:  223:    //check if player has enough actions
        1:  224:    if ( state->numActions < 1 )
branch  0 taken 0%
branch  1 taken 100%
        -:  225:    {
    #####:  226:        return -1;
        -:  227:    }
        -:  228:
        -:  229:    //get card played
        1:  230:    card = handCard(handPos, state);
        -:  231:
        -:  232:    //check if selected card is an action
        1:  233:    if ( card < adventurer || card > treasure_map )
branch  0 taken 100%
branch  1 taken 0%
branch  2 taken 0%
branch  3 taken 100%
        -:  234:    {
    #####:  235:        return -1;
        -:  236:    }
        -:  237:
        -:  238:    //play card
        1:  239:    if ( cardEffect(card, choice1, choice2, choice3, state, handPos, &coin_bonus) < 0 )
branch  0 taken 100%
branch  1 taken 0%
        -:  240:    {
        1:  241:        return -1;
        -:  242:    }
        -:  243:
        -:  244:    //reduce number of actions
    #####:  245:    state->numActions--;
        -:  246:
        -:  247:    //update coins (Treasure cards may be added with card draws)
    #####:  248:    updateCoins(state->whoseTurn, state, coin_bonus);
        -:  249:
    #####:  250:    return 0;
        1:  251:}
        -:  252:
function buyCard called 0 returned 0% blocks executed 0%
    #####:  253:int buyCard(int supplyPos, struct gameState *state) {
        -:  254:    int who;
        -:  255:    if (DEBUG) {
        -:  256:        printf("Entering buyCard...\n");
        -:  257:    }
        -:  258:
        -:  259:    // I don't know what to do about the phase thing.
        -:  260:
    #####:  261:    who = state->whoseTurn;
        -:  262:
    #####:  263:    if (state->numBuys < 1) {
branch  0 never executed
branch  1 never executed
        -:  264:        if (DEBUG)
        -:  265:            printf("You do not have any buys left\n");
    #####:  266:        return -1;
    #####:  267:    } else if (supplyCount(supplyPos, state) <1) {
branch  0 never executed
branch  1 never executed
        -:  268:        if (DEBUG)
        -:  269:            printf("There are not any of that type of card left\n");
    #####:  270:        return -1;
    #####:  271:    } else if (state->coins < getCost(supplyPos)) {
branch  0 never executed
branch  1 never executed
        -:  272:        if (DEBUG)
        -:  273:            printf("You do not have enough money to buy that. You have %d coins.\n", state->coins);
    #####:  274:        return -1;
        -:  275:    } else {
    #####:  276:        state->phase=1;
        -:  277:        //state->supplyCount[supplyPos]--;
    #####:  278:        gainCard(supplyPos, state, 0, who); //card goes in discard, this might be wrong.. (2 means goes into hand, 0 goes into discard)
        -:  279:
    #####:  280:        state->coins = (state->coins) - (getCost(supplyPos));
    #####:  281:        state->numBuys--;
        -:  282:        if (DEBUG)
        -:  283:            printf("You bought card number %d for %d coins. You now have %d buys and %d coins.\n", supplyPos, getCost(supplyPos), state->numBuys, state->coins);
        -:  284:    }
        -:  285:
        -:  286:    //state->discard[who][state->discardCount[who]] = supplyPos;
        -:  287:    //state->discardCount[who]++;
        -:  288:
    #####:  289:    return 0;
    #####:  290:}
        -:  291:
function numHandCards called 0 returned 0% blocks executed 0%
    #####:  292:int numHandCards(struct gameState *state) {
    #####:  293:    return state->handCount[ whoseTurn(state) ];
        -:  294:}
        -:  295:
function handCard called 1 returned 100% blocks executed 100%
        1:  296:int handCard(int handPos, struct gameState *state) {
        1:  297:    int currentPlayer = whoseTurn(state);
        1:  298:    return state->hand[currentPlayer][handPos];
        -:  299:}
        -:  300:
function supplyCount called 0 returned 0% blocks executed 0%
    #####:  301:int supplyCount(int card, struct gameState *state) {
    #####:  302:    return state->supplyCount[card];
        -:  303:}
        -:  304:
function fullDeckCount called 0 returned 0% blocks executed 0%
    #####:  305:int fullDeckCount(int player, int card, struct gameState *state) {
        -:  306:    int i;
    #####:  307:    int count = 0;
        -:  308:
    #####:  309:    for (i = 0; i < state->deckCount[player]; i++) {
branch  0 never executed
branch  1 never executed
    #####:  310:        if (state->deck[player][i] == card) count++;
branch  0 never executed
branch  1 never executed
    #####:  311:    }
        -:  312:
    #####:  313:    for (i = 0; i < state->handCount[player]; i++) {
branch  0 never executed
branch  1 never executed
    #####:  314:        if (state->hand[player][i] == card) count++;
branch  0 never executed
branch  1 never executed
    #####:  315:    }
        -:  316:
    #####:  317:    for (i = 0; i < state->discardCount[player]; i++) {
branch  0 never executed
branch  1 never executed
    #####:  318:        if (state->discard[player][i] == card) count++;
branch  0 never executed
branch  1 never executed
    #####:  319:    }
        -:  320:
    #####:  321:    return count;
        -:  322:}
        -:  323:
function whoseTurn called 16 returned 100% blocks executed 100%
       16:  324:int whoseTurn(struct gameState *state) {
       16:  325:    return state->whoseTurn;
        -:  326:}
        -:  327:
function endTurn called 0 returned 0% blocks executed 0%
    #####:  328:int endTurn(struct gameState *state) {
        -:  329:    int k;
        -:  330:    int i;
    #####:  331:    int currentPlayer = whoseTurn(state);
        -:  332:
        -:  333:    //Discard hand
    #####:  334:    for (i = 0; i < state->handCount[currentPlayer]; i++) {
branch  0 never executed
branch  1 never executed
    #####:  335:        state->discard[currentPlayer][state->discardCount[currentPlayer]++] = state->hand[currentPlayer][i];//Discard
    #####:  336:        state->hand[currentPlayer][i] = -1;//Set card to -1
    #####:  337:    }
    #####:  338:    state->handCount[currentPlayer] = 0;//Reset hand count
        -:  339:
        -:  340:    //Code for determining the player
    #####:  341:    if (currentPlayer < (state->numPlayers - 1)) {
branch  0 never executed
branch  1 never executed
    #####:  342:        state->whoseTurn = currentPlayer + 1;//Still safe to increment
    #####:  343:    }
        -:  344:    else {
    #####:  345:        state->whoseTurn = 0;//Max player has been reached, loop back around to player 1
        -:  346:    }
        -:  347:
    #####:  348:    state->outpostPlayed = 0;
    #####:  349:    state->phase = 0;
    #####:  350:    state->numActions = 1;
    #####:  351:    state->coins = 0;
    #####:  352:    state->numBuys = 1;
    #####:  353:    state->playedCardCount = 0;
    #####:  354:    state->handCount[state->whoseTurn] = 0;
        -:  355:
        -:  356:    //int k; move to top
        -:  357:    //Next player draws hand
    #####:  358:    for (k = 0; k < 5; k++) {
branch  0 never executed
branch  1 never executed
    #####:  359:        drawCard(state->whoseTurn, state);//Draw a card
    #####:  360:    }
        -:  361:
        -:  362:    //Update money
    #####:  363:    updateCoins(state->whoseTurn, state, 0);
        -:  364:
    #####:  365:    return 0;
        -:  366:}
        -:  367:
function isGameOver called 1 returned 100% blocks executed 76%
        1:  368:int isGameOver(struct gameState *state) {
        -:  369:    int i;
        -:  370:    int j;
        -:  371:
        -:  372:    //if stack of Province cards is empty, the game ends
        1:  373:    if (state->supplyCount[province] == 0) {
branch  0 taken 0%
branch  1 taken 100%
    #####:  374:        return 1;
        -:  375:    }
        -:  376:
        -:  377:    //if three supply pile are at 0, the game ends
        1:  378:    j = 0;
       26:  379:    for (i = 0; i < 25; i++) {
branch  0 taken 96%
branch  1 taken 4%
       25:  380:        if (state->supplyCount[i] == 0) {
branch  0 taken 0%
branch  1 taken 100%
    #####:  381:            j++;
    #####:  382:        }
       25:  383:    }
        1:  384:    if ( j >= 3) {
branch  0 taken 0%
branch  1 taken 100%
    #####:  385:        return 1;
        -:  386:    }
        -:  387:
        1:  388:    return 0;
        1:  389:}
        -:  390:
function scoreFor called 0 returned 0% blocks executed 0%
    #####:  391:int scoreFor (int player, struct gameState *state) {
        -:  392:
        -:  393:    int i;
    #####:  394:    int score = 0;
        -:  395:    //score from hand
    #####:  396:    for (i = 0; i < state->handCount[player]; i++) {
branch  0 never executed
branch  1 never executed
    #####:  397:        if (state->hand[player][i] == curse) {
branch  0 never executed
branch  1 never executed
    #####:  398:            score = score - 1;
    #####:  399:        };
    #####:  400:        if (state->hand[player][i] == estate) {
branch  0 never executed
branch  1 never executed
    #####:  401:            score = score + 1;
    #####:  402:        };
    #####:  403:        if (state->hand[player][i] == duchy) {
branch  0 never executed
branch  1 never executed
    #####:  404:            score = score + 3;
    #####:  405:        };
    #####:  406:        if (state->hand[player][i] == province) {
branch  0 never executed
branch  1 never executed
    #####:  407:            score = score + 6;
    #####:  408:        };
    #####:  409:        if (state->hand[player][i] == great_hall) {
branch  0 never executed
branch  1 never executed
    #####:  410:            score = score + 1;
    #####:  411:        };
    #####:  412:        if (state->hand[player][i] == gardens) {
branch  0 never executed
branch  1 never executed
    #####:  413:            score = score + ( fullDeckCount(player, 0, state) / 10 );
    #####:  414:        };
    #####:  415:    }
        -:  416:
        -:  417:    //score from discard
    #####:  418:    for (i = 0; i < state->discardCount[player]; i++) {
branch  0 never executed
branch  1 never executed
    #####:  419:        if (state->discard[player][i] == curse) {
branch  0 never executed
branch  1 never executed
    #####:  420:            score = score - 1;
    #####:  421:        };
    #####:  422:        if (state->discard[player][i] == estate) {
branch  0 never executed
branch  1 never executed
    #####:  423:            score = score + 1;
    #####:  424:        };
    #####:  425:        if (state->discard[player][i] == duchy) {
branch  0 never executed
branch  1 never executed
    #####:  426:            score = score + 3;
    #####:  427:        };
    #####:  428:        if (state->discard[player][i] == province) {
branch  0 never executed
branch  1 never executed
    #####:  429:            score = score + 6;
    #####:  430:        };
    #####:  431:        if (state->discard[player][i] == great_hall) {
branch  0 never executed
branch  1 never executed
    #####:  432:            score = score + 1;
    #####:  433:        };
    #####:  434:        if (state->discard[player][i] == gardens) {
branch  0 never executed
branch  1 never executed
    #####:  435:            score = score + ( fullDeckCount(player, 0, state) / 10 );
    #####:  436:        };
    #####:  437:    }
        -:  438:
        -:  439:    //score from deck
    #####:  440:    for (i = 0; i < state->discardCount[player]; i++) {
branch  0 never executed
branch  1 never executed
    #####:  441:        if (state->deck[player][i] == curse) {
branch  0 never executed
branch  1 never executed
    #####:  442:            score = score - 1;
    #####:  443:        };
    #####:  444:        if (state->deck[player][i] == estate) {
branch  0 never executed
branch  1 never executed
    #####:  445:            score = score + 1;
    #####:  446:        };
    #####:  447:        if (state->deck[player][i] == duchy) {
branch  0 never executed
branch  1 never executed
    #####:  448:            score = score + 3;
    #####:  449:        };
    #####:  450:        if (state->deck[player][i] == province) {
branch  0 never executed
branch  1 never executed
    #####:  451:            score = score + 6;
    #####:  452:        };
    #####:  453:        if (state->deck[player][i] == great_hall) {
branch  0 never executed
branch  1 never executed
    #####:  454:            score = score + 1;
    #####:  455:        };
    #####:  456:        if (state->deck[player][i] == gardens) {
branch  0 never executed
branch  1 never executed
    #####:  457:            score = score + ( fullDeckCount(player, 0, state) / 10 );
    #####:  458:        };
    #####:  459:    }
        -:  460:
    #####:  461:    return score;
        -:  462:}
        -:  463:
function getWinners called 0 returned 0% blocks executed 0%
    #####:  464:int getWinners(int players[MAX_PLAYERS], struct gameState *state) {
        -:  465:    int i;
        -:  466:    int j;
        -:  467:    int highScore;
        -:  468:    int currentPlayer;
        -:  469:
        -:  470:    //get score for each player
    #####:  471:    for (i = 0; i < MAX_PLAYERS; i++) {
branch  0 never executed
branch  1 never executed
        -:  472:        //set unused player scores to -9999
    #####:  473:        if (i >= state->numPlayers) {
branch  0 never executed
branch  1 never executed
    #####:  474:            players[i] = -9999;
    #####:  475:        }
        -:  476:        else {
    #####:  477:            players[i] = scoreFor (i, state);
        -:  478:        }
    #####:  479:    }
        -:  480:
        -:  481:    //find highest score
    #####:  482:    j = 0;
    #####:  483:    for (i = 0; i < MAX_PLAYERS; i++) {
branch  0 never executed
branch  1 never executed
    #####:  484:        if (players[i] > players[j]) {
branch  0 never executed
branch  1 never executed
    #####:  485:            j = i;
    #####:  486:        }
    #####:  487:    }
    #####:  488:    highScore = players[j];
        -:  489:
        -:  490:    //add 1 to players who had less turns
    #####:  491:    currentPlayer = whoseTurn(state);
    #####:  492:    for (i = 0; i < MAX_PLAYERS; i++)
branch  0 never executed
branch  1 never executed
        -:  493:    {
    #####:  494:        if ( players[i] == highScore && i > currentPlayer )
branch  0 never executed
branch  1 never executed
branch  2 never executed
branch  3 never executed
        -:  495:        {
    #####:  496:            players[i]++;
    #####:  497:        }
    #####:  498:    }
        -:  499:
        -:  500:    //find new highest score
    #####:  501:    j = 0;
    #####:  502:    for (i = 0; i < MAX_PLAYERS; i++)
branch  0 never executed
branch  1 never executed
        -:  503:    {
    #####:  504:        if ( players[i] > players[j] )
branch  0 never executed
branch  1 never executed
        -:  505:        {
    #####:  506:            j = i;
    #####:  507:        }
    #####:  508:    }
    #####:  509:    highScore = players[j];
        -:  510:
        -:  511:    //set winners in array to 1 and rest to 0
    #####:  512:    for (i = 0; i < MAX_PLAYERS; i++)
branch  0 never executed
branch  1 never executed
        -:  513:    {
    #####:  514:        if ( players[i] == highScore )
branch  0 never executed
branch  1 never executed
        -:  515:        {
    #####:  516:            players[i] = 1;
    #####:  517:        }
        -:  518:        else
        -:  519:        {
    #####:  520:            players[i] = 0;
        -:  521:        }
    #####:  522:    }
        -:  523:
    #####:  524:    return 0;
        -:  525:}
        -:  526:
function drawCard called 42 returned 100% blocks executed 41%
       42:  527:int drawCard(int player, struct gameState *state){   
        -:  528:	int count;
        -:  529:    int deckCounter;
       42:  530:    if (state->deckCount[player] <= 0) { //Deck is empty
branch  0 taken 0%
branch  1 taken 100%
        -:  531:
        -:  532:        //Step 1 Shuffle the discard pile back into a deck
        -:  533:        int i;
        -:  534:        //Move discard to deck
    #####:  535:        for (i = 0; i < state->discardCount[player]; i++) {
branch  0 never executed
branch  1 never executed
    #####:  536:            state->deck[player][i] = state->discard[player][i];
    #####:  537:            state->discard[player][i] = -1;
    #####:  538:        }
        -:  539:
    #####:  540:        state->deckCount[player] = state->discardCount[player];
    #####:  541:        state->discardCount[player] = 0;//Reset discard
        -:  542:
        -:  543:        //Shufffle the deck
    #####:  544:        shuffle(player, state);//Shuffle the deck up and make it so that we can draw
        -:  545:
        -:  546:        if (DEBUG) { //Debug statements
        -:  547:            printf("Deck count now: %d\n", state->deckCount[player]);
        -:  548:        }
        -:  549:
    #####:  550:        state->discardCount[player] = 0;
        -:  551:
        -:  552:        //Step 2 Draw Card
    #####:  553:        count = state->handCount[player];//Get current player's hand count
        -:  554:
        -:  555:        if (DEBUG) { //Debug statements
        -:  556:            printf("Current hand count: %d\n", count);
        -:  557:        }
        -:  558:
    #####:  559:        deckCounter = state->deckCount[player];//Create a holder for the deck count
        -:  560:
    #####:  561:        if (deckCounter == 0)
branch  0 never executed
branch  1 never executed
    #####:  562:            return -1;
        -:  563:
    #####:  564:        state->hand[player][count] = state->deck[player][deckCounter - 1];//Add card to hand
    #####:  565:        state->deckCount[player]--;
    #####:  566:        state->handCount[player]++;//Increment hand count
    #####:  567:    }
        -:  568:
        -:  569:    else {
       42:  570:        int count = state->handCount[player];//Get current hand count for player
        -:  571:        int deckCounter;
        -:  572:        if (DEBUG) { //Debug statements
        -:  573:            printf("Current hand count: %d\n", count);
        -:  574:        }
        -:  575:
       42:  576:        deckCounter = state->deckCount[player];//Create holder for the deck count
       42:  577:        state->hand[player][count] = state->deck[player][deckCounter - 1];//Add card to the hand
       42:  578:        state->deckCount[player]--;
       42:  579:        state->handCount[player]++;//Increment hand count
        -:  580:    }
        -:  581:
       42:  582:    return 0;
       42:  583:}
        -:  584:
function getCost called 0 returned 0% blocks executed 0%
    #####:  585:int getCost(int cardNumber){
    #####:  586:    switch( cardNumber ) {
branch  0 never executed
branch  1 never executed
branch  2 never executed
branch  3 never executed
branch  4 never executed
branch  5 never executed
branch  6 never executed
branch  7 never executed
branch  8 never executed
branch  9 never executed
branch 10 never executed
branch 11 never executed
branch 12 never executed
branch 13 never executed
branch 14 never executed
branch 15 never executed
branch 16 never executed
branch 17 never executed
branch 18 never executed
branch 19 never executed
branch 20 never executed
branch 21 never executed
branch 22 never executed
branch 23 never executed
branch 24 never executed
branch 25 never executed
branch 26 never executed
branch 27 never executed
        -:  587:	case curse:
    #####:  588:		return 0;
        -:  589:	case estate:
    #####:  590:		return 2;
        -:  591:	case duchy:
    #####:  592:		return 5;
        -:  593:	case province:
    #####:  594:		return 8;
        -:  595:	case copper:
    #####:  596:		return 0;
        -:  597:	case silver:
    #####:  598:		return 3;
        -:  599:	case gold:
    #####:  600:		return 6;
        -:  601:	case adventurer:
    #####:  602:		return 6;
        -:  603:	case council_room:
    #####:  604:		return 5;
        -:  605:	case feast:
    #####:  606:		return 4;
        -:  607:	case gardens:
    #####:  608:		return 4;
        -:  609:	case mine:
    #####:  610:		return 5;
        -:  611:	case remodel:
    #####:  612:		return 4;
        -:  613:	case smithy:
    #####:  614:		return 4;
        -:  615:	case village:
    #####:  616:		return 3;
        -:  617:	case baron:
    #####:  618:		return 4;
        -:  619:	case great_hall:
    #####:  620:		return 3;
        -:  621:	case minion:
    #####:  622:		return 5;
        -:  623:	case steward:
    #####:  624:		return 3;
        -:  625:	case tribute:
    #####:  626:		return 5;
        -:  627:	case ambassador:
    #####:  628:		return 3;
        -:  629:	case cutpurse:
    #####:  630:		return 4;
        -:  631:	case embargo:
    #####:  632:		return 2;
        -:  633:	case outpost:
    #####:  634:		return 5;
        -:  635:	case salvager:
    #####:  636:		return 4;
        -:  637:	case sea_hag:
    #####:  638:		return 4;
        -:  639:	case treasure_map:
    #####:  640:		return 4;
        -:  641:    }
        -:  642:
    #####:  643:    return -1;
    #####:  644:}
        -:  645:
function cardEffect called 7 returned 100% blocks executed 7%
        7:  646:int cardEffect(int card, int choice1, int choice2, int choice3, struct gameState *state, int handPos, int *bonus) {
        -:  647:    int i;
        -:  648:    int j;
        -:  649:    int k;
        -:  650:    int x;
        -:  651:    int index;
        7:  652:    int currentPlayer = whoseTurn(state);
        7:  653:    int nextPlayer = currentPlayer + 1;
        -:  654:
        7:  655:    int tributeRevealedCards[2] = {-1, -1};
        -:  656:    int temphand[MAX_HAND];// moved above the if statement
        7:  657:    int drawntreasure=0;
        -:  658:    int cardDrawn;
        7:  659:    int z = 0;// this is the counter for the temp hand
        7:  660:    if (nextPlayer > (state->numPlayers - 1)) {
branch  0 taken 0%
branch  1 taken 100%
    #####:  661:        nextPlayer = 0;
    #####:  662:    }
        -:  663:
        -:  664:    //uses switch to select card and perform actions
        7:  665:    switch( card ) {
branch  0 taken 0%
branch  1 taken 29%
branch  2 taken 29%
branch  3 taken 14%
branch  4 taken 0%
branch  5 taken 29%
branch  6 taken 0%
branch  7 taken 0%
branch  8 taken 0%
branch  9 taken 0%
branch 10 taken 0%
branch 11 taken 0%
branch 12 taken 0%
branch 13 taken 0%
branch 14 taken 0%
branch 15 taken 0%
branch 16 taken 0%
branch 17 taken 0%
branch 18 taken 0%
branch 19 taken 0%
branch 20 taken 0%
        -:  666:    case adventurer:
    #####:  667:        while(drawntreasure<2) {
branch  0 never executed
branch  1 never executed
    #####:  668:            if (state->deckCount[currentPlayer] <1) { //if the deck is empty we need to shuffle discard and add to deck
branch  0 never executed
branch  1 never executed
    #####:  669:                shuffle(currentPlayer, state);
    #####:  670:            }
    #####:  671:            drawCard(currentPlayer, state);
    #####:  672:            cardDrawn = state->hand[currentPlayer][state->handCount[currentPlayer]-1];//top card of hand is most recently drawn card.
    #####:  673:            if (cardDrawn == copper || cardDrawn == silver || cardDrawn == gold)
branch  0 never executed
branch  1 never executed
branch  2 never executed
branch  3 never executed
branch  4 never executed
branch  5 never executed
    #####:  674:                drawntreasure++;
        -:  675:            else {
    #####:  676:                temphand[z]=cardDrawn;
    #####:  677:                state->handCount[currentPlayer]--; //this should just remove the top card (the most recently drawn one).
    #####:  678:                z++;
        -:  679:            }
        -:  680:        }
    #####:  681:        while(z-1>=0) {
branch  0 never executed
branch  1 never executed
    #####:  682:            state->discard[currentPlayer][state->discardCount[currentPlayer]++]=temphand[z-1]; // discard all cards in play that have been drawn
    #####:  683:            z=z-1;
        -:  684:        }
    #####:  685:        return 0;
        -:  686:
        -:  687:	//RE-FACTORED FOR ASSIGNMENT 2
        -:  688:	case minion:
        2:  689:		playMinion(choice1, choice2, state, handPos);
        2:  690:		break;		
        -:  691:	
        -:  692:	//RE-FACTORED FOR ASSIGNMENT 2
        -:  693:	case baron:
        2:  694:		playBaron(choice1, state, handPos);
        2:  695:		break;
        -:  696:		
        -:  697:	//RE-FACTORED FOR ASSIGNMENT 2
        -:  698:	case ambassador:
        1:  699:		playAmbassador(choice1, choice2, state, handPos);
        1:  700:		break;
        -:  701:		
        -:  702:	//RE-FACTORED FOR ASSIGNMENT 2
        -:  703:	case mine:
    #####:  704:		playMine(choice1, choice2, state, handPos);
    #####:  705:		break;
        -:  706:		
        -:  707:	//RE-FACTORED FOR ASSIGNMENT 2
        -:  708:	case tribute:
        2:  709:		playTribute(state, handPos);
        2:  710:		break;
        -:  711:
        -:  712:    case council_room:
        -:  713:        //+4 Cards
    #####:  714:        for (i = 0; i < 4; i++) {
branch  0 never executed
branch  1 never executed
    #####:  715:            drawCard(currentPlayer, state);
    #####:  716:        }
        -:  717:
        -:  718:        //+1 Buy
    #####:  719:        state->numBuys++;
        -:  720:
        -:  721:        //Each other player draws a card
    #####:  722:        for (i = 0; i < state->numPlayers; i++) {
branch  0 never executed
branch  1 never executed
    #####:  723:            if (i != currentPlayer) {
branch  0 never executed
branch  1 never executed
    #####:  724:                drawCard(i, state);
    #####:  725:            }
    #####:  726:        }
        -:  727:
        -:  728:        //put played card in played card pile
    #####:  729:        discardCard(handPos, currentPlayer, state, 0);
        -:  730:
    #####:  731:        return 0;
        -:  732:
        -:  733:    case feast:
        -:  734:        //gain card with cost up to 5
        -:  735:        //Backup hand
    #####:  736:        for (i = 0; i <= state->handCount[currentPlayer]; i++) {
branch  0 never executed
branch  1 never executed
    #####:  737:            temphand[i] = state->hand[currentPlayer][i];//Backup card
    #####:  738:            state->hand[currentPlayer][i] = -1;//Set to nothing
    #####:  739:        }
        -:  740:        //Backup hand
        -:  741:
        -:  742:        //Update Coins for Buy
    #####:  743:        updateCoins(currentPlayer, state, 5);
    #####:  744:        x = 1;//Condition to loop on
    #####:  745:        while( x == 1) {//Buy one card
branch  0 never executed
branch  1 never executed
    #####:  746:            if (supplyCount(choice1, state) <= 0) {
branch  0 never executed
branch  1 never executed
        -:  747:                if (DEBUG)
        -:  748:                    printf("None of that card left, sorry!\n");
        -:  749:
        -:  750:                if (DEBUG) {
        -:  751:                    printf("Cards Left: %d\n", supplyCount(choice1, state));
        -:  752:                }
    #####:  753:            }
    #####:  754:            else if (state->coins < getCost(choice1)) {
branch  0 never executed
branch  1 never executed
    #####:  755:                printf("That card is too expensive!\n");
        -:  756:
        -:  757:                if (DEBUG) {
        -:  758:                    printf("Coins: %d < %d\n", state->coins, getCost(choice1));
        -:  759:                }
    #####:  760:            }
        -:  761:            else {
        -:  762:
        -:  763:                if (DEBUG) {
        -:  764:                    printf("Deck Count: %d\n", state->handCount[currentPlayer] + state->deckCount[currentPlayer] + state->discardCount[currentPlayer]);
        -:  765:                }
        -:  766:
    #####:  767:                gainCard(choice1, state, 0, currentPlayer);//Gain the card
    #####:  768:                x = 0;//No more buying cards
        -:  769:
        -:  770:                if (DEBUG) {
        -:  771:                    printf("Deck Count: %d\n", state->handCount[currentPlayer] + state->deckCount[currentPlayer] + state->discardCount[currentPlayer]);
        -:  772:                }
        -:  773:
        -:  774:            }
        -:  775:        }
        -:  776:
        -:  777:        //Reset Hand
    #####:  778:        for (i = 0; i <= state->handCount[currentPlayer]; i++) {
branch  0 never executed
branch  1 never executed
    #####:  779:            state->hand[currentPlayer][i] = temphand[i];
    #####:  780:            temphand[i] = -1;
    #####:  781:        }
        -:  782:        //Reset Hand
        -:  783:
    #####:  784:        return 0;
        -:  785:
        -:  786:    case gardens:
    #####:  787:        return -1;
        -:  788:
        -:  789:    case remodel:
    #####:  790:        j = state->hand[currentPlayer][choice1];  //store card we will trash
        -:  791:
    #####:  792:        if ((getCost(state->hand[currentPlayer][choice1]) + 2) > getCost(choice2)) {
branch  0 never executed
branch  1 never executed
    #####:  793:            return -1;
        -:  794:        }
        -:  795:
    #####:  796:        gainCard(choice2, state, 0, currentPlayer);
        -:  797:
        -:  798:        //discard card from hand
    #####:  799:        discardCard(handPos, currentPlayer, state, 0);
        -:  800:
        -:  801:        //discard trashed card
    #####:  802:        for (i = 0; i < state->handCount[currentPlayer]; i++) {
branch  0 never executed
branch  1 never executed
    #####:  803:            if (state->hand[currentPlayer][i] == j) {
branch  0 never executed
branch  1 never executed
    #####:  804:                discardCard(i, currentPlayer, state, 0);
    #####:  805:                break;
        -:  806:            }
    #####:  807:        }
        -:  808:
    #####:  809:        return 0;
        -:  810:
        -:  811:    case smithy:
        -:  812:        //+3 Cards
    #####:  813:        for (i = 0; i < 3; i++) {
branch  0 never executed
branch  1 never executed
    #####:  814:            drawCard(currentPlayer, state);
    #####:  815:        }
        -:  816:
        -:  817:        //discard card from hand
    #####:  818:        discardCard(handPos, currentPlayer, state, 0);
    #####:  819:        return 0;
        -:  820:
        -:  821:    case village:
        -:  822:        //+1 Card
    #####:  823:        drawCard(currentPlayer, state);
        -:  824:
        -:  825:        //+2 Actions
    #####:  826:        state->numActions = state->numActions + 2;
        -:  827:
        -:  828:        //discard played card from hand
    #####:  829:        discardCard(handPos, currentPlayer, state, 0);
    #####:  830:        return 0;
        -:  831:
        -:  832:    case great_hall:
        -:  833:        //+1 Card
    #####:  834:        drawCard(currentPlayer, state);
        -:  835:
        -:  836:        //+1 Actions
    #####:  837:        state->numActions++;
        -:  838:
        -:  839:        //discard card from hand
    #####:  840:        discardCard(handPos, currentPlayer, state, 0);
    #####:  841:        return 0;
        -:  842:
        -:  843:    case steward:
    #####:  844:        if (choice1 == 1) {
branch  0 never executed
branch  1 never executed
        -:  845:            //+2 cards
    #####:  846:            drawCard(currentPlayer, state);
    #####:  847:            drawCard(currentPlayer, state);
    #####:  848:        }
    #####:  849:        else if (choice1 == 2) {
branch  0 never executed
branch  1 never executed
        -:  850:            //+2 coins
    #####:  851:            state->coins = state->coins + 2;
    #####:  852:        }
        -:  853:        else {
        -:  854:            //trash 2 cards in hand
    #####:  855:            discardCard(choice2, currentPlayer, state, 1);
    #####:  856:            discardCard(choice3, currentPlayer, state, 1);
        -:  857:        }
        -:  858:
        -:  859:        //discard card from hand
    #####:  860:        discardCard(handPos, currentPlayer, state, 0);
    #####:  861:        return 0;
        -:  862:
        -:  863:    case cutpurse:
    #####:  864:        updateCoins(currentPlayer, state, 2);
    #####:  865:        for (i = 0; i < state->numPlayers; i++) {
branch  0 never executed
branch  1 never executed
    #####:  866:            if (i != currentPlayer) {
branch  0 never executed
branch  1 never executed
    #####:  867:                for (j = 0; j < state->handCount[i]; j++) {
branch  0 never executed
branch  1 never executed
    #####:  868:                    if (state->hand[i][j] == copper) {
branch  0 never executed
branch  1 never executed
    #####:  869:                        discardCard(j, i, state, 0);
    #####:  870:                        break;
        -:  871:                    }
    #####:  872:                    if (j == state->handCount[i]) {
branch  0 never executed
branch  1 never executed
    #####:  873:                        for (k = 0; k < state->handCount[i]; k++) {
branch  0 never executed
branch  1 never executed
        -:  874:                            if (DEBUG)
        -:  875:                                printf("Player %d reveals card number %d\n", i, state->hand[i][k]);
    #####:  876:                        }
    #####:  877:                        break;
        -:  878:                    }
    #####:  879:                }
        -:  880:
    #####:  881:            }
        -:  882:
    #####:  883:        }
        -:  884:
        -:  885:        //discard played card from hand
    #####:  886:        discardCard(handPos, currentPlayer, state, 0);
        -:  887:
    #####:  888:        return 0;
        -:  889:
        -:  890:    case embargo:
        -:  891:        //+2 Coins
    #####:  892:        state->coins = state->coins + 2;
        -:  893:
        -:  894:        //see if selected pile is in play
    #####:  895:        if (state->supplyCount[choice1] == -1) {
branch  0 never executed
branch  1 never executed
    #####:  896:            return -1;
        -:  897:        }
        -:  898:
        -:  899:        //add embargo token to selected supply pile
    #####:  900:        state->embargoTokens[choice1]++;
        -:  901:
        -:  902:        //trash card
    #####:  903:        discardCard(handPos, currentPlayer, state, 1);
    #####:  904:        return 0;
        -:  905:
        -:  906:    case outpost:
        -:  907:        //set outpost flag
    #####:  908:        state->outpostPlayed++;
        -:  909:
        -:  910:        //discard card
    #####:  911:        discardCard(handPos, currentPlayer, state, 0);
    #####:  912:        return 0;
        -:  913:
        -:  914:    case salvager:
        -:  915:        //+1 buy
    #####:  916:        state->numBuys++;
        -:  917:
    #####:  918:        if (choice1) {
branch  0 never executed
branch  1 never executed
        -:  919:            //gain coins equal to trashed card
    #####:  920:            state->coins = state->coins + getCost( handCard(choice1, state) );
        -:  921:            //trash card
    #####:  922:            discardCard(choice1, currentPlayer, state, 1);
    #####:  923:        }
        -:  924:
        -:  925:        //discard card
    #####:  926:        discardCard(handPos, currentPlayer, state, 0);
    #####:  927:        return 0;
        -:  928:
        -:  929:    case sea_hag:
    #####:  930:        for (i = 0; i < state->numPlayers; i++) {
branch  0 never executed
branch  1 never executed
    #####:  931:            if (i != currentPlayer) {
branch  0 never executed
branch  1 never executed
    #####:  932:                state->discard[i][state->discardCount[i]] = state->deck[i][state->deckCount[i]--];
    #####:  933:                state->deckCount[i]--;
    #####:  934:                state->discardCount[i]++;
    #####:  935:                state->deck[i][state->deckCount[i]--] = curse;//Top card now a curse
    #####:  936:            }
    #####:  937:        }
    #####:  938:        return 0;
        -:  939:
        -:  940:    case treasure_map:
        -:  941:        //search hand for another treasure_map
    #####:  942:        index = -1;
    #####:  943:        for (i = 0; i < state->handCount[currentPlayer]; i++) {
branch  0 never executed
branch  1 never executed
    #####:  944:            if (state->hand[currentPlayer][i] == treasure_map && i != handPos) {
branch  0 never executed
branch  1 never executed
branch  2 never executed
branch  3 never executed
    #####:  945:                index = i;
    #####:  946:                break;
        -:  947:            }
    #####:  948:        }
    #####:  949:        if (index > -1) {
branch  0 never executed
branch  1 never executed
        -:  950:            //trash both treasure cards
    #####:  951:            discardCard(handPos, currentPlayer, state, 1);
    #####:  952:            discardCard(index, currentPlayer, state, 1);
        -:  953:
        -:  954:            //gain 4 Gold cards
    #####:  955:            for (i = 0; i < 4; i++) {
branch  0 never executed
branch  1 never executed
    #####:  956:                gainCard(gold, state, 1, currentPlayer);
    #####:  957:            }
        -:  958:
        -:  959:            //return success
    #####:  960:            return 1;
        -:  961:        }
        -:  962:
        -:  963:        //no second treasure_map found in hand
    #####:  964:        return -1;
        -:  965:    }
        -:  966:
        7:  967:    return -1;
        7:  968:}
        -:  969:
function discardCard called 2 returned 100% blocks executed 80%
        2:  970:int discardCard(int handPos, int currentPlayer, struct gameState *state, int trashFlag) {
        -:  971:
        -:  972:    //if card is not trashed, added to Played pile
        2:  973:    if (trashFlag < 1) {
branch  0 taken 100%
branch  1 taken 0%
        -:  974:        //add card to played pile
        2:  975:        state->playedCards[state->playedCardCount] = state->hand[currentPlayer][handPos];
        2:  976:        state->playedCardCount++;
        2:  977:    }
        -:  978:
        -:  979:    //set played card to -1
        2:  980:    state->hand[currentPlayer][handPos] = -1;
        -:  981:
        -:  982:    //remove card from player's hand
        2:  983:    if (handPos == (state->handCount[currentPlayer] - 1)) { //last card in hand array is played
branch  0 taken 0%
branch  1 taken 100%
        -:  984:        //reduce number of cards in hand
    #####:  985:        state->handCount[currentPlayer]--;
    #####:  986:    }
        2:  987:    else if ( state->handCount[currentPlayer] == 1 ) { //only one card in hand
branch  0 taken 0%
branch  1 taken 100%
    #####:  988:        state->handCount[currentPlayer]--; //reduce number of cards in hand
    #####:  989:    }
        -:  990:    else {
        2:  991:        state->hand[currentPlayer][handPos] = state->hand[currentPlayer][ (state->handCount[currentPlayer] - 1)]; //replace discarded card with last card in hand
        2:  992:        state->hand[currentPlayer][state->handCount[currentPlayer] - 1] = -1; //set last card to -1
        2:  993:        state->handCount[currentPlayer]--; //reduce number of cards in hand
        -:  994:    }
        -:  995:	
        2:  996:    return 0;
        -:  997:}
        -:  998:
function gainCard called 0 returned 0% blocks executed 0%
    #####:  999:int gainCard(int supplyPos, struct gameState *state, int toFlag, int player) {
        -: 1000:    //Note: supplyPos is enum of choosen card
        -: 1001:
        -: 1002:    //check if supply pile is empty (0) or card is not used in game (-1)
    #####: 1003:    if ( supplyCount(supplyPos, state) < 1 ) {
branch  0 never executed
branch  1 never executed
    #####: 1004:        return -1;
        -: 1005:    }
        -: 1006:
        -: 1007:    //added card for [whoseTurn] current player:
        -: 1008:    // toFlag = 0 : add to discard
        -: 1009:    // toFlag = 1 : add to deck
        -: 1010:    // toFlag = 2 : add to hand
        -: 1011:
    #####: 1012:    if (toFlag == 1) {
branch  0 never executed
branch  1 never executed
    #####: 1013:        state->deck[ player ][ state->deckCount[player] ] = supplyPos;
    #####: 1014:        state->deckCount[player]++;
    #####: 1015:    }
    #####: 1016:    else if (toFlag == 2) {
branch  0 never executed
branch  1 never executed
    #####: 1017:        state->hand[ player ][ state->handCount[player] ] = supplyPos;
    #####: 1018:        state->handCount[player]++;
    #####: 1019:    }
        -: 1020:    else {
    #####: 1021:        state->discard[player][ state->discardCount[player] ] = supplyPos;
    #####: 1022:        state->discardCount[player]++;
        -: 1023:    }
        -: 1024:
        -: 1025:    //decrease number in supply pile
    #####: 1026:    state->supplyCount[supplyPos]--;
        -: 1027:
    #####: 1028:    return 0;
    #####: 1029:}
        -: 1030:
function updateCoins called 8 returned 100% blocks executed 85%
        8: 1031:int updateCoins(int player, struct gameState *state, int bonus) {
        -: 1032:    int i;
        -: 1033:
        -: 1034:    //reset coin count
        8: 1035:    state->coins = 0;
        -: 1036:
        -: 1037:    //add coins for each Treasure card in player's hand
       48: 1038:    for (i = 0; i < state->handCount[player]; i++)
branch  0 taken 83%
branch  1 taken 17%
        -: 1039:    {
       40: 1040:        if (state->hand[player][i] == copper)
branch  0 taken 70%
branch  1 taken 30%
        -: 1041:        {
       28: 1042:            state->coins += 1;
       28: 1043:        }
       12: 1044:        else if (state->hand[player][i] == silver)
branch  0 taken 0%
branch  1 taken 100%
        -: 1045:        {
    #####: 1046:            state->coins += 2;
    #####: 1047:        }
       12: 1048:        else if (state->hand[player][i] == gold)
branch  0 taken 0%
branch  1 taken 100%
        -: 1049:        {
    #####: 1050:            state->coins += 3;
    #####: 1051:        }
       40: 1052:    }
        -: 1053:
        -: 1054:    //add bonus
        8: 1055:    state->coins += bonus;
        -: 1056:
        8: 1057:    return 0;
        -: 1058:}
        -: 1059:
        -: 1060://RE-FACTORED FOR ASSIGNMENT 2, BUGGED
function playMine called 0 returned 0% blocks executed 0%
    #####: 1061:int playMine(int choice1, int choice2, struct gameState *state, int handPos) {
    #####: 1062:	int currentPlayer = whoseTurn(state);
        -: 1063:	int i, j;
        -: 1064:	
    #####: 1065:	j = state->hand[currentPlayer][choice1];  //store card we will trash
        -: 1066:
    #####: 1067:	if (state->hand[currentPlayer][choice1] > copper || state->hand[currentPlayer][choice1] < gold) { //BUGS! Should be < copper and > gold!
branch  0 never executed
branch  1 never executed
branch  2 never executed
branch  3 never executed
    #####: 1068:		return -1;
        -: 1069:	}
        -: 1070:
    #####: 1071:	if (choice2 > treasure_map || choice2 < curse) {
branch  0 never executed
branch  1 never executed
branch  2 never executed
branch  3 never executed
    #####: 1072:		return -1;
        -: 1073:	}
        -: 1074:
    #####: 1075:	if ((getCost(state->hand[currentPlayer][choice1]) + 3) > getCost(choice2)) {
branch  0 never executed
branch  1 never executed
    #####: 1076:		return -1;
        -: 1077:	}
        -: 1078:
    #####: 1079:	gainCard(choice2, state, 2, currentPlayer);
        -: 1080:
        -: 1081:	//discard card from hand
    #####: 1082:	discardCard(handPos, currentPlayer, state, 0);
        -: 1083:
        -: 1084:	//discard trashed card
    #####: 1085:	for (i = 0; i < state->handCount[currentPlayer]; i++) {
branch  0 never executed
branch  1 never executed
    #####: 1086:		if (state->hand[currentPlayer][i] == j) {
branch  0 never executed
branch  1 never executed
    #####: 1087:			discardCard(i, currentPlayer, state, 0);
    #####: 1088:			break;
        -: 1089:		}
    #####: 1090:	}
        -: 1091:
    #####: 1092:	return 0;
    #####: 1093:}
        -: 1094:
        -: 1095://RE-FACTORED FOR ASSIGNMENT 2, BUGGED
function playBaron called 2 returned 100% blocks executed 50%
        2: 1096:int playBaron(int choice1, struct gameState *state, int handPos) {
        2: 1097:	int currentPlayer = whoseTurn(state);
        -: 1098:	
        2: 1099:	state->numBuys++;//Increase buys by 1!
        2: 1100:	if (choice1 > 0) { //Boolean true or going to discard an estate
branch  0 taken 100%
branch  1 taken 0%
        2: 1101:		int p = 0;//Iterator for hand!
        2: 1102:		int card_not_discarded = 1;//Flag for discard set!
        4: 1103:		while(card_not_discarded) {
branch  0 taken 50%
branch  1 taken 50%
        2: 1104:			if (state->hand[currentPlayer][p] == estate) { //Found an estate card!
branch  0 taken 100%
branch  1 taken 0%
        2: 1105:				state->coins += 4;//Add 4 coins to the amount of coins
        2: 1106:				state->discard[currentPlayer][state->discardCount[currentPlayer]] = state->hand[currentPlayer][p];
        2: 1107:				state->discardCount[currentPlayer]++;
       12: 1108:				for (; p < state->handCount[currentPlayer]; p++) {
branch  0 taken 83%
branch  1 taken 17%
       10: 1109:					state->hand[currentPlayer][p] = state->hand[currentPlayer][p+1];
       10: 1110:				}
        2: 1111:				state->hand[currentPlayer][state->handCount[currentPlayer]] = -1;
        2: 1112:				state->handCount[currentPlayer]--;
        2: 1113:				card_not_discarded = 0;//Exit the loop
        2: 1114:			}
    #####: 1115:			else if (p < state->handCount[currentPlayer]) { //BUG! Should be >
branch  0 never executed
branch  1 never executed
        -: 1116:				if(DEBUG) {
        -: 1117:					printf("No estate cards in your hand, invalid choice\n");
        -: 1118:					printf("Must gain an estate if there are any\n");
        -: 1119:				}
    #####: 1120:				if (supplyCount(estate, state) < 0) { //BUG! Should be > 0
branch  0 never executed
branch  1 never executed
    #####: 1121:					gainCard(estate, state, 0, currentPlayer);
        -: 1122:
    #####: 1123:					state->supplyCount[estate]--;//Decrement estates
    #####: 1124:					if (supplyCount(estate, state) == 0) {
branch  0 never executed
branch  1 never executed
    #####: 1125:						isGameOver(state);
    #####: 1126:					}
    #####: 1127:				}
    #####: 1128:				card_not_discarded = 0;//Exit the loop
    #####: 1129:			}
        -: 1130:
        -: 1131:			else {
    #####: 1132:				p++;//Next card
        -: 1133:			}
        -: 1134:		}
        2: 1135:	}
        -: 1136:	
        -: 1137:	else {
    #####: 1138:		if (supplyCount(estate, state) > 0) {
branch  0 never executed
branch  1 never executed
    #####: 1139:			gainCard(estate, state, 0, currentPlayer);//Gain an estate
        -: 1140:
    #####: 1141:			state->supplyCount[estate]--;//Decrement Estates
    #####: 1142:			if (supplyCount(estate, state) == 0) {
branch  0 never executed
branch  1 never executed
    #####: 1143:				isGameOver(state);
    #####: 1144:			}
    #####: 1145:		}
        -: 1146:	}
        -: 1147:
        2: 1148:	return 0;
        -: 1149:}
        -: 1150:
        -: 1151://RE-FACTORED FOR ASSIGNMENT 2, BUGGED
function playMinion called 2 returned 100% blocks executed 13%
        2: 1152:int playMinion(int choice1, int choice2, struct gameState *state, int handPos) {
        2: 1153:	int currentPlayer = whoseTurn(state);
        -: 1154:	int i, j;
        2: 1155:	state->numActions++; //+1 action
        2: 1156:	discardCard(handPos, currentPlayer, state, 0); //discard card from hand
        -: 1157:
        2: 1158:	if (choice1) {
branch  0 taken 100%
branch  1 taken 0%
        2: 1159:		state->coins = state->coins + 1; //BUG! Should be +2
        2: 1160:	}
    #####: 1161:	else if (choice2) { //discard hand, redraw 4, other players with 5+ cards discard hand and draw 4
branch  0 never executed
branch  1 never executed
    #####: 1162:		while(numHandCards(state) > 0) { //discard hand
branch  0 never executed
branch  1 never executed
    #####: 1163:			discardCard(handPos, currentPlayer, state, 0); //BUG! trashFlag should be set to 0, not 1 (had to revert to run tests)
        -: 1164:		}
        -: 1165:
    #####: 1166:		for (i = 0; i < 4; i++) { //draw 4
branch  0 never executed
branch  1 never executed
    #####: 1167:			drawCard(currentPlayer, state);
    #####: 1168:		}
        -: 1169:
        -: 1170:		//other players discard hand and redraw if hand size > 4
    #####: 1171:		for (i = 0; i < state->numPlayers; i++) {
branch  0 never executed
branch  1 never executed
    #####: 1172:			if (i != currentPlayer) {
branch  0 never executed
branch  1 never executed
    #####: 1173:				if ( state->handCount[i] > 4 ) {
branch  0 never executed
branch  1 never executed
    #####: 1174:					while( state->handCount[i] > 0 ) { //discard hand
branch  0 never executed
branch  1 never executed
    #####: 1175:						discardCard(handPos, i, state, 0);
        -: 1176:					}
        -: 1177:
    #####: 1178:					for (j = 0; j < 4; j++) { //draw 4
branch  0 never executed
branch  1 never executed
    #####: 1179:						drawCard(i, state);
    #####: 1180:					}
    #####: 1181:				}
    #####: 1182:			}
    #####: 1183:		}
        -: 1184:
    #####: 1185:	}
        2: 1186:	return 0;
        -: 1187:}
        -: 1188:
        -: 1189://RE-FACTORED FOR ASSIGNMENT 2, BUGGED
function playTribute called 2 returned 100% blocks executed 65%
        2: 1190:int playTribute(struct gameState *state, int handPos) {
        2: 1191:	int currentPlayer = whoseTurn(state);
        2: 1192:    int nextPlayer = currentPlayer + 1;
        2: 1193:	int tributeRevealedCards[2] = {-1, -1};
        -: 1194:	int i;
        -: 1195:	
        2: 1196:	if ((state->discardCount[nextPlayer] + state->deckCount[nextPlayer]) <= 1) {
branch  0 taken 0%
branch  1 taken 100%
    #####: 1197:		if (state->deckCount[nextPlayer] > 0) {
branch  0 never executed
branch  1 never executed
    #####: 1198:			tributeRevealedCards[0] = state->deck[nextPlayer][state->deckCount[nextPlayer]-1];
    #####: 1199:			state->deckCount[nextPlayer]--;
    #####: 1200:		}
    #####: 1201:		else if (state->discardCount[nextPlayer] > 0) {
branch  0 never executed
branch  1 never executed
    #####: 1202:			tributeRevealedCards[0] = state->discard[nextPlayer][state->discardCount[nextPlayer]-1];
    #####: 1203:			state->discardCount[nextPlayer]--;
    #####: 1204:		}
        -: 1205:		else {
        -: 1206:			//No Card to Reveal
        -: 1207:			if (DEBUG) {
        -: 1208:				printf("No cards to reveal\n");
        -: 1209:			}
        -: 1210:		}
    #####: 1211:	}
        -: 1212:
        -: 1213:	else {
        2: 1214:		if (state->deckCount[nextPlayer] == 0) {
branch  0 taken 0%
branch  1 taken 100%
    #####: 1215:			for (i = 0; i < state->discardCount[nextPlayer]; i++) {
branch  0 never executed
branch  1 never executed
    #####: 1216:				state->deck[nextPlayer][i] = state->discard[nextPlayer][i];//Move to deck
    #####: 1217:				state->deckCount[nextPlayer]++;
    #####: 1218:				state->discard[nextPlayer][i] = -1;
    #####: 1219:				state->discardCount[nextPlayer]--;
    #####: 1220:			}
        -: 1221:
    #####: 1222:			shuffle(nextPlayer,state);//Shuffle the deck
    #####: 1223:		}
        2: 1224:		tributeRevealedCards[0] = state->deck[nextPlayer][state->deckCount[nextPlayer]-1];
        2: 1225:		state->deck[nextPlayer][state->deckCount[nextPlayer]--] = -1;
        2: 1226:		state->deckCount[nextPlayer]--;
        2: 1227:		tributeRevealedCards[1] = state->deck[nextPlayer][state->deckCount[nextPlayer]-1];
        2: 1228:		state->deck[nextPlayer][state->deckCount[nextPlayer]--] = -1;
        2: 1229:		state->deckCount[nextPlayer]--;
        -: 1230:	}
        -: 1231:
        2: 1232:	if (tributeRevealedCards[0] == tributeRevealedCards[1]) { //If we have a duplicate card, just drop one
branch  0 taken 50%
branch  1 taken 50%
        1: 1233:		state->playedCards[state->playedCardCount] = tributeRevealedCards[1];
        1: 1234:		state->playedCardCount++;
        1: 1235:		tributeRevealedCards[1] = -1;
        1: 1236:	}
        -: 1237:
        8: 1238:	for (i = 0; i <= 2; i ++) {
branch  0 taken 75%
branch  1 taken 25%
        6: 1239:		if (tributeRevealedCards[i] == copper || tributeRevealedCards[i] == silver || tributeRevealedCards[i] == gold) { //Treasure cards
branch  0 taken 67%
branch  1 taken 33%
branch  2 taken 100%
branch  3 taken 0%
branch  4 taken 0%
branch  5 taken 100%
        2: 1240:			state->coins += 3; //BUG! Should be 2, not 3
        2: 1241:		}
        -: 1242:
        4: 1243:		else if (tributeRevealedCards[i] == estate || tributeRevealedCards[i] == duchy || tributeRevealedCards[i] == province || tributeRevealedCards[i] == gardens || tributeRevealedCards[i] == great_hall) { //Victory Card Found
branch  0 taken 75%
branch  1 taken 25%
branch  2 taken 100%
branch  3 taken 0%
branch  4 taken 100%
branch  5 taken 0%
branch  6 taken 100%
branch  7 taken 0%
branch  8 taken 0%
branch  9 taken 100%
        1: 1244:			drawCard(currentPlayer, state);
        1: 1245:			drawCard(currentPlayer, state);
        1: 1246:		}
        -: 1247:		else { //Action Card
        3: 1248:			state->numActions = state->numActions + 1; //BUG! Should add 2 Actions, not just 1
        -: 1249:		}
        6: 1250:	}
        -: 1251:
        2: 1252:	return 0;
        -: 1253:}
        -: 1254:
        -: 1255://RE-FACTORED FOR ASSIGNMENT 2, BUGGED
function playAmbassador called 1 returned 100% blocks executed 41%
        1: 1256:int playAmbassador(int choice1, int choice2, struct gameState *state, int handPos) {
        -: 1257:	int i, j;
        1: 1258:	int currentPlayer = whoseTurn(state);
        -: 1259:	
        1: 1260:	j = 0;		//used to check if player has enough cards to discard
        -: 1261:
        1: 1262:	if (choice2 > 2 || choice2 < 0) {
branch  0 taken 100%
branch  1 taken 0%
branch  2 taken 0%
branch  3 taken 100%
    #####: 1263:		return -1;
        -: 1264:	}
        -: 1265:
        1: 1266:	if (choice1 == handPos) {
branch  0 taken 0%
branch  1 taken 100%
    #####: 1267:		return -1;
        -: 1268:	}
        -: 1269:
        6: 1270:	for (i = 0; i < state->handCount[currentPlayer]; i++) {
branch  0 taken 83%
branch  1 taken 17%
        5: 1271:		if (i != handPos && i == state->hand[currentPlayer][choice1] && i != choice1) {
branch  0 taken 80%
branch  1 taken 20%
branch  2 taken 25%
branch  3 taken 75%
branch  4 taken 0%
branch  5 taken 100%
    #####: 1272:			j++;
    #####: 1273:		}
        5: 1274:	}
        1: 1275:	if (j < choice2) {
branch  0 taken 100%
branch  1 taken 0%
        1: 1276:		return -1;
        -: 1277:	}
        -: 1278:
        -: 1279:	if (DEBUG)
        -: 1280:		printf("Player %d reveals card number: %d\n", currentPlayer, state->hand[currentPlayer][choice1]);
        -: 1281:
        -: 1282:	//increase supply count for choosen card by amount being discarded
    #####: 1283:	state->supplyCount[state->hand[currentPlayer][choice1]] += choice2;
        -: 1284:
        -: 1285:	//each other player gains a copy of revealed card
    #####: 1286:	for (i = 0; i < state->numPlayers; i++) {
branch  0 never executed
branch  1 never executed
    #####: 1287:		if (i != currentPlayer) {
branch  0 never executed
branch  1 never executed
    #####: 1288:			gainCard(state->hand[currentPlayer][choice1], state, 1, i); //BUG! toFlag should be set to 0 for discard, not 1 for deck
    #####: 1289:		}
    #####: 1290:	}
        -: 1291:
        -: 1292:	//discard played card from hand
    #####: 1293:	discardCard(handPos, currentPlayer, state, 0);
        -: 1294:
        -: 1295:	//trash copies of cards returned to supply
    #####: 1296:	for (j = 0; j < choice2; j++) {
branch  0 never executed
branch  1 never executed
    #####: 1297:		for (i = 0; i < state->handCount[currentPlayer]; i++) {
branch  0 never executed
branch  1 never executed
    #####: 1298:			if (state->hand[currentPlayer][i] == state->hand[currentPlayer][choice1]) {
branch  0 never executed
branch  1 never executed
    #####: 1299:				discardCard(i, currentPlayer, state, 0); //BUG! trashFlag should be set to 1, not 0
    #####: 1300:				break;
        -: 1301:			}
    #####: 1302:		}
    #####: 1303:	}
        -: 1304:
    #####: 1305:	return 0;
        1: 1306:}
        -: 1307:
        -: 1308://end of dominion.c
