        -:    0:Source:dominion.c
        -:    0:Graph:dominion.gcno
        -:    0:Data:dominion.gcda
        -:    0:Runs:1
        -:    0:Programs:1
        -:    1:#include "dominion.h"
        -:    2:#include "dominion_helpers.h"
        -:    3:#include "rngs.h"
        -:    4:#include <stdio.h>
        -:    5:#include <math.h>
        -:    6:#include <stdlib.h>
        -:    7:
function compare called 107646 returned 100% blocks executed 85%
   107646:    8:int compare(const void* a, const void* b) {
   107646:    9:    if (*(int*)a > *(int*)b)
branch  0 taken 0%
branch  1 taken 100%
    #####:   10:        return 1;
   107646:   11:    if (*(int*)a < *(int*)b)
branch  0 taken 36%
branch  1 taken 64%
    38445:   12:        return -1;
    69201:   13:    return 0;
   107646:   14:}
        -:   15:
        -:   16:int baron2(struct gameState *pState, int player, int choice1);
        -:   17:int minion2(struct gameState *pState, int handPos, int choice1, int choice2);
        -:   18:int ambassador2(int choice2, int choice1, int handPos, struct gameState *state);
        -:   19:int tribute2(int *tributeRevealedCards, struct gameState *pState, int currentPlayer, int nextPlayer);
        -:   20:int mine2(struct gameState *pState, int handPos, int choice1, int choice2);
        -:   21:
function newGame called 0 returned 0% blocks executed 0%
    #####:   22:struct gameState* newGame() {
    #####:   23:    struct gameState* g = malloc(sizeof(struct gameState));
    #####:   24:    return g;
        -:   25:}
        -:   26:
        -:   27:
        -:   28:
function kingdomCards called 0 returned 0% blocks executed 0%
    #####:   29:int* kingdomCards(int k1, int k2, int k3, int k4, int k5, int k6, int k7,
        -:   30:                  int k8, int k9, int k10) {
    #####:   31:    int* k = malloc(10 * sizeof(int));
    #####:   32:    k[0] = k1;
    #####:   33:    k[1] = k2;
    #####:   34:    k[2] = k3;
    #####:   35:    k[3] = k4;
    #####:   36:    k[4] = k5;
    #####:   37:    k[5] = k6;
    #####:   38:    k[6] = k7;
    #####:   39:    k[7] = k8;
    #####:   40:    k[8] = k9;
    #####:   41:    k[9] = k10;
    #####:   42:    return k;
        -:   43:}
        -:   44:
function initializeGame called 6000 returned 100% blocks executed 95%
     6000:   45:int initializeGame(int numPlayers, int kingdomCards[10], int randomSeed,
        -:   46:                   struct gameState *state) {
        -:   47:    int i;
        -:   48:    int j;
        -:   49:    int it;
        -:   50:
        -:   51:    //set up random number generator
     6000:   52:    SelectStream(1);
     6000:   53:    PutSeed((long)randomSeed);
        -:   54:
        -:   55:    //check number of players
     6000:   56:    if (numPlayers > MAX_PLAYERS || numPlayers < 2)
branch  0 taken 100%
branch  1 taken 0%
branch  2 taken 48%
branch  3 taken 52%
        -:   57:    {
     2904:   58:        return -1;
        -:   59:    }
        -:   60:
        -:   61:    //set number of players
     3096:   62:    state->numPlayers = numPlayers;
        -:   63:
        -:   64:    //check selected kingdom cards are different
    34056:   65:    for (i = 0; i < 10; i++)
branch  0 taken 91%
branch  1 taken 9%
        -:   66:    {
   340560:   67:        for (j = 0; j < 10; j++)
branch  0 taken 91%
branch  1 taken 9%
        -:   68:        {
   309600:   69:            if (j != i && kingdomCards[j] == kingdomCards[i])
branch  0 taken 90%
branch  1 taken 10%
branch  2 taken 0%
branch  3 taken 100%
        -:   70:            {
    #####:   71:                return -1;
        -:   72:            }
   309600:   73:        }
    30960:   74:    }
        -:   75:
        -:   76:
        -:   77:    //initialize supply
        -:   78:    ///////////////////////////////
        -:   79:
        -:   80:    //set number of Curse cards
     3096:   81:    if (numPlayers == 2)
branch  0 taken 52%
branch  1 taken 48%
        -:   82:    {
     1599:   83:        state->supplyCount[curse] = 10;
     1599:   84:    }
     1497:   85:    else if (numPlayers == 3)
branch  0 taken 100%
branch  1 taken 0%
        -:   86:    {
     1497:   87:        state->supplyCount[curse] = 20;
     1497:   88:    }
        -:   89:    else
        -:   90:    {
    #####:   91:        state->supplyCount[curse] = 30;
        -:   92:    }
        -:   93:
        -:   94:    //set number of Victory cards
     3096:   95:    if (numPlayers == 2)
branch  0 taken 52%
branch  1 taken 48%
        -:   96:    {
     1599:   97:        state->supplyCount[estate] = 8;
     1599:   98:        state->supplyCount[duchy] = 8;
     1599:   99:        state->supplyCount[province] = 8;
     1599:  100:    }
        -:  101:    else
        -:  102:    {
     1497:  103:        state->supplyCount[estate] = 12;
     1497:  104:        state->supplyCount[duchy] = 12;
     1497:  105:        state->supplyCount[province] = 12;
        -:  106:    }
        -:  107:
        -:  108:    //set number of Treasure cards
     3096:  109:    state->supplyCount[copper] = 60 - (7 * numPlayers);
     3096:  110:    state->supplyCount[silver] = 40;
     3096:  111:    state->supplyCount[gold] = 30;
        -:  112:
        -:  113:    //set number of Kingdom cards
    65016:  114:    for (i = adventurer; i <= treasure_map; i++)       	//loop all cards
branch  0 taken 95%
branch  1 taken 5%
        -:  115:    {
   510840:  116:        for (j = 0; j < 10; j++)           		//loop chosen cards
branch  0 taken 94%
branch  1 taken 6%
        -:  117:        {
   479880:  118:            if (kingdomCards[j] == i)
branch  0 taken 6%
branch  1 taken 94%
        -:  119:            {
        -:  120:                //check if card is a 'Victory' Kingdom card
    30960:  121:                if (kingdomCards[j] == great_hall || kingdomCards[j] == gardens)
branch  0 taken 90%
branch  1 taken 10%
branch  2 taken 11%
branch  3 taken 89%
        -:  122:                {
     6192:  123:                    if (numPlayers == 2) {
branch  0 taken 52%
branch  1 taken 48%
     3198:  124:                        state->supplyCount[i] = 8;
     3198:  125:                    }
        -:  126:                    else {
     2994:  127:                        state->supplyCount[i] = 12;
        -:  128:                    }
     6192:  129:                }
        -:  130:                else
        -:  131:                {
    24768:  132:                    state->supplyCount[i] = 10;
        -:  133:                }
    30960:  134:                break;
        -:  135:            }
        -:  136:            else    //card is not in the set choosen for the game
        -:  137:            {
   448920:  138:                state->supplyCount[i] = -1;
        -:  139:            }
   448920:  140:        }
        -:  141:
    61920:  142:    }
        -:  143:
        -:  144:    ////////////////////////
        -:  145:    //supply intilization complete
        -:  146:
        -:  147:    //set player decks
    10785:  148:    for (i = 0; i < numPlayers; i++)
branch  0 taken 71%
branch  1 taken 29%
        -:  149:    {
     7689:  150:        state->deckCount[i] = 0;
    30756:  151:        for (j = 0; j < 3; j++)
branch  0 taken 75%
branch  1 taken 25%
        -:  152:        {
    23067:  153:            state->deck[i][j] = estate;
    23067:  154:            state->deckCount[i]++;
    23067:  155:        }
    61512:  156:        for (j = 3; j < 10; j++)
branch  0 taken 88%
branch  1 taken 13%
        -:  157:        {
    53823:  158:            state->deck[i][j] = copper;
    53823:  159:            state->deckCount[i]++;
    53823:  160:        }
     7689:  161:    }
        -:  162:
        -:  163:    //shuffle player decks
    10785:  164:    for (i = 0; i < numPlayers; i++)
branch  0 taken 71%
branch  1 taken 29%
        -:  165:    {
     7689:  166:        if ( shuffle(i, state) < 0 )
branch  0 taken 0%
branch  1 taken 100%
        -:  167:        {
    #####:  168:            return -1;
        -:  169:        }
     7689:  170:    }
        -:  171:
        -:  172:    //draw player hands
    10785:  173:    for (i = 0; i < numPlayers; i++)
branch  0 taken 71%
branch  1 taken 29%
        -:  174:    {
        -:  175:        //initialize hand size to zero
     7689:  176:        state->handCount[i] = 0;
     7689:  177:        state->discardCount[i] = 0;
        -:  178:        //draw 5 cards
        -:  179:        // for (j = 0; j < 5; j++)
        -:  180:        //	{
        -:  181:        //	  drawCard(i, state);
        -:  182:        //	}
     7689:  183:    }
        -:  184:
        -:  185:    //set embargo tokens to 0 for all supply piles
    86688:  186:    for (i = 0; i <= treasure_map; i++)
branch  0 taken 96%
branch  1 taken 4%
        -:  187:    {
    83592:  188:        state->embargoTokens[i] = 0;
    83592:  189:    }
        -:  190:
        -:  191:    //initialize first player's turn
     3096:  192:    state->outpostPlayed = 0;
     3096:  193:    state->phase = 0;
     3096:  194:    state->numActions = 1;
     3096:  195:    state->numBuys = 1;
     3096:  196:    state->playedCardCount = 0;
     3096:  197:    state->whoseTurn = 0;
     3096:  198:    state->handCount[state->whoseTurn] = 0;
        -:  199:    //int it; move to top
        -:  200:
        -:  201:    //Moved draw cards to here, only drawing at the start of a turn
    18576:  202:    for (it = 0; it < 5; it++) {
branch  0 taken 83%
branch  1 taken 17%
    15480:  203:        drawCard(state->whoseTurn, state);
    15480:  204:    }
        -:  205:
     3096:  206:    updateCoins(state->whoseTurn, state, 0);
        -:  207:
     3096:  208:    return 0;
     6000:  209:}
        -:  210:
function shuffle called 7914 returned 100% blocks executed 100%
     7914:  211:int shuffle(int player, struct gameState *state) {
        -:  212:
        -:  213:
        -:  214:    int newDeck[MAX_DECK];
     7914:  215:    int newDeckPos = 0;
        -:  216:    int card;
        -:  217:    int i;
        -:  218:
     7914:  219:    if (state->deckCount[player] < 1)
branch  0 taken 3%
branch  1 taken 97%
      225:  220:        return -1;
     7689:  221:    qsort ((void*)(state->deck[player]), state->deckCount[player], sizeof(int), compare);
        -:  222:    /* SORT CARDS IN DECK TO ENSURE DETERMINISM! */
        -:  223:
    84579:  224:    while (state->deckCount[player] > 0) {
branch  0 taken 91%
branch  1 taken 9%
    76890:  225:        card = floor(Random() * state->deckCount[player]);
    76890:  226:        newDeck[newDeckPos] = state->deck[player][card];
    76890:  227:        newDeckPos++;
   251019:  228:        for (i = card; i < state->deckCount[player]-1; i++) {
branch  0 taken 69%
branch  1 taken 31%
   174129:  229:            state->deck[player][i] = state->deck[player][i+1];
   174129:  230:        }
    76890:  231:        state->deckCount[player]--;
        -:  232:    }
    84579:  233:    for (i = 0; i < newDeckPos; i++) {
branch  0 taken 91%
branch  1 taken 9%
    76890:  234:        state->deck[player][i] = newDeck[i];
    76890:  235:        state->deckCount[player]++;
    76890:  236:    }
        -:  237:
     7689:  238:    return 0;
     7914:  239:}
        -:  240:
function playCard called 0 returned 0% blocks executed 0%
    #####:  241:int playCard(int handPos, int choice1, int choice2, int choice3, struct gameState *state)
        -:  242:{
        -:  243:    int card;
    #####:  244:    int coin_bonus = 0; 		//tracks coins gain from actions
        -:  245:
        -:  246:    //check if it is the right phase
    #####:  247:    if (state->phase != 0)
branch  0 never executed
branch  1 never executed
        -:  248:    {
    #####:  249:        return -1;
        -:  250:    }
        -:  251:
        -:  252:    //check if player has enough actions
    #####:  253:    if ( state->numActions < 1 )
branch  0 never executed
branch  1 never executed
        -:  254:    {
    #####:  255:        return -1;
        -:  256:    }
        -:  257:
        -:  258:    //get card played
    #####:  259:    card = handCard(handPos, state);
        -:  260:
        -:  261:    //check if selected card is an action
    #####:  262:    if ( card < adventurer || card > treasure_map )
branch  0 never executed
branch  1 never executed
branch  2 never executed
branch  3 never executed
        -:  263:    {
    #####:  264:        return -1;
        -:  265:    }
        -:  266:
        -:  267:    //play card
    #####:  268:    if ( cardEffect(card, choice1, choice2, choice3, state, handPos, &coin_bonus) < 0 )
branch  0 never executed
branch  1 never executed
        -:  269:    {
    #####:  270:        return -1;
        -:  271:    }
        -:  272:
        -:  273:    //reduce number of actions
    #####:  274:    state->numActions--;
        -:  275:
        -:  276:    //update coins (Treasure cards may be added with card draws)
    #####:  277:    updateCoins(state->whoseTurn, state, coin_bonus);
        -:  278:
    #####:  279:    return 0;
    #####:  280:}
        -:  281:
function buyCard called 0 returned 0% blocks executed 0%
    #####:  282:int buyCard(int supplyPos, struct gameState *state) {
        -:  283:    int who;
        -:  284:    if (DEBUG) {
        -:  285:        printf("Entering buyCard...\n");
        -:  286:    }
        -:  287:
        -:  288:    // I don't know what to do about the phase thing.
        -:  289:
    #####:  290:    who = state->whoseTurn;
        -:  291:
    #####:  292:    if (state->numBuys < 1) {
branch  0 never executed
branch  1 never executed
        -:  293:        if (DEBUG)
        -:  294:            printf("You do not have any buys left\n");
    #####:  295:        return -1;
    #####:  296:    } else if (supplyCount(supplyPos, state) <1) {
branch  0 never executed
branch  1 never executed
        -:  297:        if (DEBUG)
        -:  298:            printf("There are not any of that type of card left\n");
    #####:  299:        return -1;
    #####:  300:    } else if (state->coins < getCost(supplyPos)) {
branch  0 never executed
branch  1 never executed
        -:  301:        if (DEBUG)
        -:  302:            printf("You do not have enough money to buy that. You have %d coins.\n", state->coins);
    #####:  303:        return -1;
        -:  304:    } else {
    #####:  305:        state->phase=1;
        -:  306:        //state->supplyCount[supplyPos]--;
    #####:  307:        gainCard(supplyPos, state, 0, who); //card goes in discard, this might be wrong.. (2 means goes into hand, 0 goes into discard)
        -:  308:
    #####:  309:        state->coins = (state->coins) - (getCost(supplyPos));
    #####:  310:        state->numBuys--;
        -:  311:        if (DEBUG)
        -:  312:            printf("You bought card number %d for %d coins. You now have %d buys and %d coins.\n", supplyPos, getCost(supplyPos), state->numBuys, state->coins);
        -:  313:    }
        -:  314:
        -:  315:    //state->discard[who][state->discardCount[who]] = supplyPos;
        -:  316:    //state->discardCount[who]++;
        -:  317:
    #####:  318:    return 0;
    #####:  319:}
        -:  320:
function numHandCards called 1789 returned 100% blocks executed 100%
     1789:  321:int numHandCards(struct gameState *state) {
     1789:  322:    return state->handCount[ whoseTurn(state) ];
        -:  323:}
        -:  324:
function handCard called 0 returned 0% blocks executed 0%
    #####:  325:int handCard(int handPos, struct gameState *state) {
    #####:  326:    int currentPlayer = whoseTurn(state);
    #####:  327:    return state->hand[currentPlayer][handPos];
        -:  328:}
        -:  329:
function supplyCount called 3289 returned 100% blocks executed 100%
     3289:  330:int supplyCount(int card, struct gameState *state) {
     3289:  331:    return state->supplyCount[card];
        -:  332:}
        -:  333:
function fullDeckCount called 0 returned 0% blocks executed 0%
    #####:  334:int fullDeckCount(int player, int card, struct gameState *state) {
        -:  335:    int i;
    #####:  336:    int count = 0;
        -:  337:
    #####:  338:    for (i = 0; i < state->deckCount[player]; i++)
branch  0 never executed
branch  1 never executed
        -:  339:    {
    #####:  340:        if (state->deck[player][i] == card) count++;
branch  0 never executed
branch  1 never executed
    #####:  341:    }
        -:  342:
    #####:  343:    for (i = 0; i < state->handCount[player]; i++)
branch  0 never executed
branch  1 never executed
        -:  344:    {
    #####:  345:        if (state->hand[player][i] == card) count++;
branch  0 never executed
branch  1 never executed
    #####:  346:    }
        -:  347:
    #####:  348:    for (i = 0; i < state->discardCount[player]; i++)
branch  0 never executed
branch  1 never executed
        -:  349:    {
    #####:  350:        if (state->discard[player][i] == card) count++;
branch  0 never executed
branch  1 never executed
    #####:  351:    }
        -:  352:
    #####:  353:    return count;
        -:  354:}
        -:  355:
function whoseTurn called 9789 returned 100% blocks executed 100%
     9789:  356:int whoseTurn(struct gameState *state) {
     9789:  357:    return state->whoseTurn;
        -:  358:}
        -:  359:
function endTurn called 0 returned 0% blocks executed 0%
    #####:  360:int endTurn(struct gameState *state) {
        -:  361:    int k;
        -:  362:    int i;
    #####:  363:    int currentPlayer = whoseTurn(state);
        -:  364:
        -:  365:    //Discard hand
    #####:  366:    for (i = 0; i < state->handCount[currentPlayer]; i++) {
branch  0 never executed
branch  1 never executed
    #####:  367:        state->discard[currentPlayer][state->discardCount[currentPlayer]++] = state->hand[currentPlayer][i];//Discard
    #####:  368:        state->hand[currentPlayer][i] = -1;//Set card to -1
    #####:  369:    }
    #####:  370:    state->handCount[currentPlayer] = 0;//Reset hand count
        -:  371:
        -:  372:    //Code for determining the player
    #####:  373:    if (currentPlayer < (state->numPlayers - 1)) {
branch  0 never executed
branch  1 never executed
    #####:  374:        state->whoseTurn = currentPlayer + 1;//Still safe to increment
    #####:  375:    }
        -:  376:    else {
    #####:  377:        state->whoseTurn = 0;//Max player has been reached, loop back around to player 1
        -:  378:    }
        -:  379:
    #####:  380:    state->outpostPlayed = 0;
    #####:  381:    state->phase = 0;
    #####:  382:    state->numActions = 1;
    #####:  383:    state->coins = 0;
    #####:  384:    state->numBuys = 1;
    #####:  385:    state->playedCardCount = 0;
    #####:  386:    state->handCount[state->whoseTurn] = 0;
        -:  387:
        -:  388:    //int k; move to top
        -:  389:    //Next player draws hand
    #####:  390:    for (k = 0; k < 5; k++) {
branch  0 never executed
branch  1 never executed
    #####:  391:        drawCard(state->whoseTurn, state);//Draw a card
    #####:  392:    }
        -:  393:
        -:  394:    //Update money
    #####:  395:    updateCoins(state->whoseTurn, state, 0);
        -:  396:
    #####:  397:    return 0;
        -:  398:}
        -:  399:
function isGameOver called 7 returned 100% blocks executed 84%
        7:  400:int isGameOver(struct gameState *state) {
        -:  401:    int i;
        -:  402:    int j;
        -:  403:
        -:  404:    //if stack of Province cards is empty, the game ends
        7:  405:    if (state->supplyCount[province] == 0)
branch  0 taken 0%
branch  1 taken 100%
        -:  406:    {
    #####:  407:        return 1;
        -:  408:    }
        -:  409:
        -:  410:    //if three supply pile are at 0, the game ends
        7:  411:    j = 0;
      182:  412:    for (i = 0; i < 25; i++)
branch  0 taken 96%
branch  1 taken 4%
        -:  413:    {
      175:  414:        if (state->supplyCount[i] == 0)
branch  0 taken 4%
branch  1 taken 96%
        -:  415:        {
        7:  416:            j++;
        7:  417:        }
      175:  418:    }
        7:  419:    if ( j >= 3)
branch  0 taken 0%
branch  1 taken 100%
        -:  420:    {
    #####:  421:        return 1;
        -:  422:    }
        -:  423:
        7:  424:    return 0;
        7:  425:}
        -:  426:
function scoreFor called 0 returned 0% blocks executed 0%
    #####:  427:int scoreFor (int player, struct gameState *state) {
        -:  428:
        -:  429:    int i;
    #####:  430:    int score = 0;
        -:  431:    //score from hand
    #####:  432:    for (i = 0; i < state->handCount[player]; i++)
branch  0 never executed
branch  1 never executed
        -:  433:    {
    #####:  434:        if (state->hand[player][i] == curse) {
branch  0 never executed
branch  1 never executed
    #####:  435:            score = score - 1;
    #####:  436:        };
    #####:  437:        if (state->hand[player][i] == estate) {
branch  0 never executed
branch  1 never executed
    #####:  438:            score = score + 1;
    #####:  439:        };
    #####:  440:        if (state->hand[player][i] == duchy) {
branch  0 never executed
branch  1 never executed
    #####:  441:            score = score + 3;
    #####:  442:        };
    #####:  443:        if (state->hand[player][i] == province) {
branch  0 never executed
branch  1 never executed
    #####:  444:            score = score + 6;
    #####:  445:        };
    #####:  446:        if (state->hand[player][i] == great_hall) {
branch  0 never executed
branch  1 never executed
    #####:  447:            score = score + 1;
    #####:  448:        };
    #####:  449:        if (state->hand[player][i] == gardens) {
branch  0 never executed
branch  1 never executed
    #####:  450:            score = score + ( fullDeckCount(player, 0, state) / 10 );
    #####:  451:        };
    #####:  452:    }
        -:  453:
        -:  454:    //score from discard
    #####:  455:    for (i = 0; i < state->discardCount[player]; i++)
branch  0 never executed
branch  1 never executed
        -:  456:    {
    #####:  457:        if (state->discard[player][i] == curse) {
branch  0 never executed
branch  1 never executed
    #####:  458:            score = score - 1;
    #####:  459:        };
    #####:  460:        if (state->discard[player][i] == estate) {
branch  0 never executed
branch  1 never executed
    #####:  461:            score = score + 1;
    #####:  462:        };
    #####:  463:        if (state->discard[player][i] == duchy) {
branch  0 never executed
branch  1 never executed
    #####:  464:            score = score + 3;
    #####:  465:        };
    #####:  466:        if (state->discard[player][i] == province) {
branch  0 never executed
branch  1 never executed
    #####:  467:            score = score + 6;
    #####:  468:        };
    #####:  469:        if (state->discard[player][i] == great_hall) {
branch  0 never executed
branch  1 never executed
    #####:  470:            score = score + 1;
    #####:  471:        };
    #####:  472:        if (state->discard[player][i] == gardens) {
branch  0 never executed
branch  1 never executed
    #####:  473:            score = score + ( fullDeckCount(player, 0, state) / 10 );
    #####:  474:        };
    #####:  475:    }
        -:  476:
        -:  477:    //score from deck
    #####:  478:    for (i = 0; i < state->discardCount[player]; i++)
branch  0 never executed
branch  1 never executed
        -:  479:    {
    #####:  480:        if (state->deck[player][i] == curse) {
branch  0 never executed
branch  1 never executed
    #####:  481:            score = score - 1;
    #####:  482:        };
    #####:  483:        if (state->deck[player][i] == estate) {
branch  0 never executed
branch  1 never executed
    #####:  484:            score = score + 1;
    #####:  485:        };
    #####:  486:        if (state->deck[player][i] == duchy) {
branch  0 never executed
branch  1 never executed
    #####:  487:            score = score + 3;
    #####:  488:        };
    #####:  489:        if (state->deck[player][i] == province) {
branch  0 never executed
branch  1 never executed
    #####:  490:            score = score + 6;
    #####:  491:        };
    #####:  492:        if (state->deck[player][i] == great_hall) {
branch  0 never executed
branch  1 never executed
    #####:  493:            score = score + 1;
    #####:  494:        };
    #####:  495:        if (state->deck[player][i] == gardens) {
branch  0 never executed
branch  1 never executed
    #####:  496:            score = score + ( fullDeckCount(player, 0, state) / 10 );
    #####:  497:        };
    #####:  498:    }
        -:  499:
    #####:  500:    return score;
        -:  501:}
        -:  502:
function getWinners called 0 returned 0% blocks executed 0%
    #####:  503:int getWinners(int players[MAX_PLAYERS], struct gameState *state) {
        -:  504:    int i;
        -:  505:    int j;
        -:  506:    int highScore;
        -:  507:    int currentPlayer;
        -:  508:
        -:  509:    //get score for each player
    #####:  510:    for (i = 0; i < MAX_PLAYERS; i++)
branch  0 never executed
branch  1 never executed
        -:  511:    {
        -:  512:        //set unused player scores to -9999
    #####:  513:        if (i >= state->numPlayers)
branch  0 never executed
branch  1 never executed
        -:  514:        {
    #####:  515:            players[i] = -9999;
    #####:  516:        }
        -:  517:        else
        -:  518:        {
    #####:  519:            players[i] = scoreFor (i, state);
        -:  520:        }
    #####:  521:    }
        -:  522:
        -:  523:    //find highest score
    #####:  524:    j = 0;
    #####:  525:    for (i = 0; i < MAX_PLAYERS; i++)
branch  0 never executed
branch  1 never executed
        -:  526:    {
    #####:  527:        if (players[i] > players[j])
branch  0 never executed
branch  1 never executed
        -:  528:        {
    #####:  529:            j = i;
    #####:  530:        }
    #####:  531:    }
    #####:  532:    highScore = players[j];
        -:  533:
        -:  534:    //add 1 to players who had less turns
    #####:  535:    currentPlayer = whoseTurn(state);
    #####:  536:    for (i = 0; i < MAX_PLAYERS; i++)
branch  0 never executed
branch  1 never executed
        -:  537:    {
    #####:  538:        if ( players[i] == highScore && i > currentPlayer )
branch  0 never executed
branch  1 never executed
branch  2 never executed
branch  3 never executed
        -:  539:        {
    #####:  540:            players[i]++;
    #####:  541:        }
    #####:  542:    }
        -:  543:
        -:  544:    //find new highest score
    #####:  545:    j = 0;
    #####:  546:    for (i = 0; i < MAX_PLAYERS; i++)
branch  0 never executed
branch  1 never executed
        -:  547:    {
    #####:  548:        if ( players[i] > players[j] )
branch  0 never executed
branch  1 never executed
        -:  549:        {
    #####:  550:            j = i;
    #####:  551:        }
    #####:  552:    }
    #####:  553:    highScore = players[j];
        -:  554:
        -:  555:    //set winners in array to 1 and rest to 0
    #####:  556:    for (i = 0; i < MAX_PLAYERS; i++)
branch  0 never executed
branch  1 never executed
        -:  557:    {
    #####:  558:        if ( players[i] == highScore )
branch  0 never executed
branch  1 never executed
        -:  559:        {
    #####:  560:            players[i] = 1;
    #####:  561:        }
        -:  562:        else
        -:  563:        {
    #####:  564:            players[i] = 0;
        -:  565:        }
    #####:  566:    }
        -:  567:
    #####:  568:    return 0;
        -:  569:}
        -:  570:
function drawCard called 18940 returned 100% blocks executed 75%
    18940:  571:int drawCard(int player, struct gameState *state)
        -:  572:{   int count;
        -:  573:    int deckCounter;
    18940:  574:    if (state->deckCount[player] <= 0) { //Deck is empty
branch  0 taken 1%
branch  1 taken 99%
        -:  575:
        -:  576:        //Step 1 Shuffle the discard pile back into a deck
        -:  577:        int i;
        -:  578:        //Move discard to deck
      225:  579:        for (i = 0; i < state->discardCount[player]; i++) {
branch  0 taken 0%
branch  1 taken 100%
    #####:  580:            state->deck[player][i] = state->discard[player][i];
    #####:  581:            state->discard[player][i] = -1;
    #####:  582:        }
        -:  583:
      225:  584:        state->deckCount[player] = state->discardCount[player];
      225:  585:        state->discardCount[player] = 0;//Reset discard
        -:  586:
        -:  587:        //Shufffle the deck
      225:  588:        shuffle(player, state);//Shuffle the deck up and make it so that we can draw
        -:  589:
        -:  590:        if (DEBUG) { //Debug statements
        -:  591:            printf("Deck count now: %d\n", state->deckCount[player]);
        -:  592:        }
        -:  593:
      225:  594:        state->discardCount[player] = 0;
        -:  595:
        -:  596:        //Step 2 Draw Card
      225:  597:        count = state->handCount[player];//Get current player's hand count
        -:  598:
        -:  599:        if (DEBUG) { //Debug statements
        -:  600:            printf("Current hand count: %d\n", count);
        -:  601:        }
        -:  602:
      225:  603:        deckCounter = state->deckCount[player];//Create a holder for the deck count
        -:  604:
      225:  605:        if (deckCounter == 0)
branch  0 taken 100%
branch  1 taken 0%
      225:  606:            return -1;
        -:  607:
    #####:  608:        state->hand[player][count] = state->deck[player][deckCounter - 1];//Add card to hand
    #####:  609:        state->deckCount[player]--;
    #####:  610:        state->handCount[player]++;//Increment hand count
    #####:  611:    }
        -:  612:
        -:  613:    else {
    18715:  614:        int count = state->handCount[player];//Get current hand count for player
        -:  615:        int deckCounter;
        -:  616:        if (DEBUG) { //Debug statements
        -:  617:            printf("Current hand count: %d\n", count);
        -:  618:        }
        -:  619:
    18715:  620:        deckCounter = state->deckCount[player];//Create holder for the deck count
    18715:  621:        state->hand[player][count] = state->deck[player][deckCounter - 1];//Add card to the hand
    18715:  622:        state->deckCount[player]--;
    18715:  623:        state->handCount[player]++;//Increment hand count
        -:  624:    }
        -:  625:
    18715:  626:    return 0;
    18940:  627:}
        -:  628:
function getCost called 0 returned 0% blocks executed 0%
    #####:  629:int getCost(int cardNumber)
        -:  630:{
    #####:  631:    switch( cardNumber )
branch  0 never executed
branch  1 never executed
branch  2 never executed
branch  3 never executed
branch  4 never executed
branch  5 never executed
branch  6 never executed
branch  7 never executed
branch  8 never executed
branch  9 never executed
branch 10 never executed
branch 11 never executed
branch 12 never executed
branch 13 never executed
branch 14 never executed
branch 15 never executed
branch 16 never executed
branch 17 never executed
branch 18 never executed
branch 19 never executed
branch 20 never executed
branch 21 never executed
branch 22 never executed
branch 23 never executed
branch 24 never executed
branch 25 never executed
branch 26 never executed
branch 27 never executed
        -:  632:    {
        -:  633:    case curse:
    #####:  634:        return 0;
        -:  635:    case estate:
    #####:  636:        return 2;
        -:  637:    case duchy:
    #####:  638:        return 5;
        -:  639:    case province:
    #####:  640:        return 8;
        -:  641:    case copper:
    #####:  642:        return 0;
        -:  643:    case silver:
    #####:  644:        return 3;
        -:  645:    case gold:
    #####:  646:        return 6;
        -:  647:    case adventurer:
    #####:  648:        return 6;
        -:  649:    case council_room:
    #####:  650:        return 5;
        -:  651:    case feast:
    #####:  652:        return 4;
        -:  653:    case gardens:
    #####:  654:        return 4;
        -:  655:    case mine:
    #####:  656:        return 5;
        -:  657:    case remodel:
    #####:  658:        return 4;
        -:  659:    case smithy:
    #####:  660:        return 4;
        -:  661:    case village:
    #####:  662:        return 3;
        -:  663:    case baron:
    #####:  664:        return 4;
        -:  665:    case great_hall:
    #####:  666:        return 3;
        -:  667:    case minion:
    #####:  668:        return 5;
        -:  669:    case steward:
    #####:  670:        return 3;
        -:  671:    case tribute:
    #####:  672:        return 5;
        -:  673:    case ambassador:
    #####:  674:        return 3;
        -:  675:    case cutpurse:
    #####:  676:        return 4;
        -:  677:    case embargo:
    #####:  678:        return 2;
        -:  679:    case outpost:
    #####:  680:        return 5;
        -:  681:    case salvager:
    #####:  682:        return 4;
        -:  683:    case sea_hag:
    #####:  684:        return 4;
        -:  685:    case treasure_map:
    #####:  686:        return 4;
        -:  687:    }
        -:  688:
    #####:  689:    return -1;
    #####:  690:}
        -:  691:
function cardEffect called 6000 returned 100% blocks executed 5%
     6000:  692:int cardEffect(int card, int choice1, int choice2, int choice3, struct gameState *state, int handPos, int *bonus)
        -:  693:{
        -:  694:    int i;
        -:  695:    int j;
        -:  696:    int k;
        -:  697:    int x;
        -:  698:    int index;
     6000:  699:    int currentPlayer = whoseTurn(state);
     6000:  700:    int nextPlayer = currentPlayer + 1;
        -:  701:
     6000:  702:    int tributeRevealedCards[2] = {-1, -1};
        -:  703:    int temphand[MAX_HAND];// moved above the if statement
     6000:  704:    int drawntreasure=0;
        -:  705:    int cardDrawn;
     6000:  706:    int z = 0;// this is the counter for the temp hand
     6000:  707:    if (nextPlayer > (state->numPlayers - 1)) {
branch  0 taken 0%
branch  1 taken 100%
    #####:  708:        nextPlayer = 0;
    #####:  709:    }
        -:  710:
        -:  711:
        -:  712:    //uses switch to select card and perform actions
     6000:  713:    switch( card )
branch  0 taken 33%
branch  1 taken 33%
branch  2 taken 0%
branch  3 taken 33%
branch  4 taken 0%
branch  5 taken 0%
branch  6 taken 0%
branch  7 taken 0%
branch  8 taken 0%
branch  9 taken 0%
branch 10 taken 0%
branch 11 taken 0%
branch 12 taken 0%
branch 13 taken 0%
branch 14 taken 0%
branch 15 taken 0%
branch 16 taken 0%
branch 17 taken 0%
branch 18 taken 0%
branch 19 taken 0%
branch 20 taken 0%
        -:  714:    {
        -:  715:
        -:  716:        case baron:
     2000:  717:            baron2(state, currentPlayer, choice1);
     2000:  718:            return 0;
        -:  719:
        -:  720:        case minion:
     2000:  721:            minion2(state, handPos, choice1, choice2);
     2000:  722:            return 0;
        -:  723:
        -:  724:        case ambassador:
    #####:  725:            ambassador2(choice2, choice1, handPos, state);
    #####:  726:            return 0;
        -:  727:
        -:  728:        case tribute:
     2000:  729:            tribute2(tributeRevealedCards, state, currentPlayer, nextPlayer);
     2000:  730:            return 0;
        -:  731:
        -:  732:        case mine:
    #####:  733:            mine2(state, handPos, choice1, choice2);
    #####:  734:            return 0;
        -:  735:
        -:  736:    case adventurer:
    #####:  737:        while(drawntreasure<2) {
branch  0 never executed
branch  1 never executed
    #####:  738:            if (state->deckCount[currentPlayer] <1) { //if the deck is empty we need to shuffle discard and add to deck
branch  0 never executed
branch  1 never executed
    #####:  739:                shuffle(currentPlayer, state);
    #####:  740:            }
    #####:  741:            drawCard(currentPlayer, state);
    #####:  742:            cardDrawn = state->hand[currentPlayer][state->handCount[currentPlayer]-1];//top card of hand is most recently drawn card.
    #####:  743:            if (cardDrawn == copper || cardDrawn == silver || cardDrawn == gold)
branch  0 never executed
branch  1 never executed
branch  2 never executed
branch  3 never executed
branch  4 never executed
branch  5 never executed
    #####:  744:                drawntreasure++;
        -:  745:            else {
    #####:  746:                temphand[z]=cardDrawn;
    #####:  747:                state->handCount[currentPlayer]--; //this should just remove the top card (the most recently drawn one).
    #####:  748:                z++;
        -:  749:            }
        -:  750:        }
    #####:  751:        while(z-1>=0) {
branch  0 never executed
branch  1 never executed
    #####:  752:            state->discard[currentPlayer][state->discardCount[currentPlayer]++]=temphand[z-1]; // discard all cards in play that have been drawn
    #####:  753:            z=z-1;
        -:  754:        }
    #####:  755:        return 0;
        -:  756:
        -:  757:    case council_room:
        -:  758:        //+4 Cards
    #####:  759:        for (i = 0; i < 4; i++)
branch  0 never executed
branch  1 never executed
        -:  760:        {
    #####:  761:            drawCard(currentPlayer, state);
    #####:  762:        }
        -:  763:
        -:  764:        //+1 Buy
    #####:  765:        state->numBuys++;
        -:  766:
        -:  767:        //Each other player draws a card
    #####:  768:        for (i = 0; i < state->numPlayers; i++)
branch  0 never executed
branch  1 never executed
        -:  769:        {
    #####:  770:            if ( i != currentPlayer )
branch  0 never executed
branch  1 never executed
        -:  771:            {
    #####:  772:                drawCard(i, state);
    #####:  773:            }
    #####:  774:        }
        -:  775:
        -:  776:        //put played card in played card pile
    #####:  777:        discardCard(handPos, currentPlayer, state, 0);
        -:  778:
    #####:  779:        return 0;
        -:  780:
        -:  781:    case feast:
        -:  782:        //gain card with cost up to 5
        -:  783:        //Backup hand
    #####:  784:        for (i = 0; i <= state->handCount[currentPlayer]; i++) {
branch  0 never executed
branch  1 never executed
    #####:  785:            temphand[i] = state->hand[currentPlayer][i];//Backup card
    #####:  786:            state->hand[currentPlayer][i] = -1;//Set to nothing
    #####:  787:        }
        -:  788:        //Backup hand
        -:  789:
        -:  790:        //Update Coins for Buy
    #####:  791:        updateCoins(currentPlayer, state, 5);
    #####:  792:        x = 1;//Condition to loop on
    #####:  793:        while( x == 1) {//Buy one card
branch  0 never executed
branch  1 never executed
    #####:  794:            if (supplyCount(choice1, state) <= 0) {
branch  0 never executed
branch  1 never executed
        -:  795:                if (DEBUG)
        -:  796:                    printf("None of that card left, sorry!\n");
        -:  797:
        -:  798:                if (DEBUG) {
        -:  799:                    printf("Cards Left: %d\n", supplyCount(choice1, state));
        -:  800:                }
    #####:  801:            }
    #####:  802:            else if (state->coins < getCost(choice1)) {
branch  0 never executed
branch  1 never executed
    #####:  803:                printf("That card is too expensive!\n");
        -:  804:
        -:  805:                if (DEBUG) {
        -:  806:                    printf("Coins: %d < %d\n", state->coins, getCost(choice1));
        -:  807:                }
    #####:  808:            }
        -:  809:            else {
        -:  810:
        -:  811:                if (DEBUG) {
        -:  812:                    printf("Deck Count: %d\n", state->handCount[currentPlayer] + state->deckCount[currentPlayer] + state->discardCount[currentPlayer]);
        -:  813:                }
        -:  814:
    #####:  815:                gainCard(choice1, state, 0, currentPlayer);//Gain the card
    #####:  816:                x = 0;//No more buying cards
        -:  817:
        -:  818:                if (DEBUG) {
        -:  819:                    printf("Deck Count: %d\n", state->handCount[currentPlayer] + state->deckCount[currentPlayer] + state->discardCount[currentPlayer]);
        -:  820:                }
        -:  821:
        -:  822:            }
        -:  823:        }
        -:  824:
        -:  825:        //Reset Hand
    #####:  826:        for (i = 0; i <= state->handCount[currentPlayer]; i++) {
branch  0 never executed
branch  1 never executed
    #####:  827:            state->hand[currentPlayer][i] = temphand[i];
    #####:  828:            temphand[i] = -1;
    #####:  829:        }
        -:  830:        //Reset Hand
        -:  831:
    #####:  832:        return 0;
        -:  833:
        -:  834:    case gardens:
    #####:  835:        return -1;
        -:  836:/*
        -:  837:    case mine:
        -:  838:        j = state->hand[currentPlayer][choice1];  //store card we will trash
        -:  839:
        -:  840:        if (state->hand[currentPlayer][choice1] < copper || state->hand[currentPlayer][choice1] > gold)
        -:  841:        {
        -:  842:            return -1;
        -:  843:        }
        -:  844:
        -:  845:        if (choice2 > treasure_map || choice2 < curse)
        -:  846:        {
        -:  847:            return -1;
        -:  848:        }
        -:  849:
        -:  850:        if ( (getCost(state->hand[currentPlayer][choice1]) + 3) > getCost(choice2) )
        -:  851:        {
        -:  852:            return -1;
        -:  853:        }
        -:  854:
        -:  855:        gainCard(choice2, state, 2, currentPlayer);
        -:  856:
        -:  857:        //discard card from hand
        -:  858:        discardCard(handPos, currentPlayer, state, 0);
        -:  859:
        -:  860:        //discard trashed card
        -:  861:        for (i = 0; i < state->handCount[currentPlayer]; i++)
        -:  862:        {
        -:  863:            if (state->hand[currentPlayer][i] == j)
        -:  864:            {
        -:  865:                discardCard(i, currentPlayer, state, 0);
        -:  866:                break;
        -:  867:            }
        -:  868:        }
        -:  869:
        -:  870:        return 0;
        -:  871:*/
        -:  872:    case remodel:
    #####:  873:        j = state->hand[currentPlayer][choice1];  //store card we will trash
        -:  874:
    #####:  875:        if ( (getCost(state->hand[currentPlayer][choice1]) + 2) > getCost(choice2) )
branch  0 never executed
branch  1 never executed
        -:  876:        {
    #####:  877:            return -1;
        -:  878:        }
        -:  879:
    #####:  880:        gainCard(choice2, state, 0, currentPlayer);
        -:  881:
        -:  882:        //discard card from hand
    #####:  883:        discardCard(handPos, currentPlayer, state, 0);
        -:  884:
        -:  885:        //discard trashed card
    #####:  886:        for (i = 0; i < state->handCount[currentPlayer]; i++)
branch  0 never executed
branch  1 never executed
        -:  887:        {
    #####:  888:            if (state->hand[currentPlayer][i] == j)
branch  0 never executed
branch  1 never executed
        -:  889:            {
    #####:  890:                discardCard(i, currentPlayer, state, 0);
    #####:  891:                break;
        -:  892:            }
    #####:  893:        }
        -:  894:
        -:  895:
    #####:  896:        return 0;
        -:  897:
        -:  898:    case smithy:
        -:  899:        //+3 Cards
    #####:  900:        for (i = 0; i < 3; i++)
branch  0 never executed
branch  1 never executed
        -:  901:        {
    #####:  902:            drawCard(currentPlayer, state);
    #####:  903:        }
        -:  904:
        -:  905:        //discard card from hand
    #####:  906:        discardCard(handPos, currentPlayer, state, 0);
    #####:  907:        return 0;
        -:  908:
        -:  909:    case village:
        -:  910:        //+1 Card
    #####:  911:        drawCard(currentPlayer, state);
        -:  912:
        -:  913:        //+2 Actions
    #####:  914:        state->numActions = state->numActions + 2;
        -:  915:
        -:  916:        //discard played card from hand
    #####:  917:        discardCard(handPos, currentPlayer, state, 0);
    #####:  918:        return 0;
        -:  919:/*
        -:  920:    case baron:
        -:  921:        state->numBuys++;//Increase buys by 1!
        -:  922:        if (choice1 > 0) { //Boolean true or going to discard an estate
        -:  923:            int p = 0;//Iterator for hand!
        -:  924:            int card_not_discarded = 1;//Flag for discard set!
        -:  925:            while(card_not_discarded) {
        -:  926:                if (state->hand[currentPlayer][p] == estate) { //Found an estate card!
        -:  927:                    state->coins += 4;//Add 4 coins to the amount of coins
        -:  928:                    state->discard[currentPlayer][state->discardCount[currentPlayer]] = state->hand[currentPlayer][p];
        -:  929:                    state->discardCount[currentPlayer]++;
        -:  930:                    for (; p < state->handCount[currentPlayer]; p++) {
        -:  931:                        state->hand[currentPlayer][p] = state->hand[currentPlayer][p+1];
        -:  932:                    }
        -:  933:                    state->hand[currentPlayer][state->handCount[currentPlayer]] = -1;
        -:  934:                    state->handCount[currentPlayer]--;
        -:  935:                    card_not_discarded = 0;//Exit the loop
        -:  936:                }
        -:  937:                else if (p > state->handCount[currentPlayer]) {
        -:  938:                    if(DEBUG) {
        -:  939:                        printf("No estate cards in your hand, invalid choice\n");
        -:  940:                        printf("Must gain an estate if there are any\n");
        -:  941:                    }
        -:  942:                    if (supplyCount(estate, state) > 0) {
        -:  943:                        gainCard(estate, state, 0, currentPlayer);
        -:  944:
        -:  945:                        state->supplyCount[estate]--;//Decrement estates
        -:  946:                        if (supplyCount(estate, state) == 0) {
        -:  947:                            isGameOver(state);
        -:  948:                        }
        -:  949:                    }
        -:  950:                    card_not_discarded = 0;//Exit the loop
        -:  951:                }
        -:  952:
        -:  953:                else {
        -:  954:                    p++;//Next card
        -:  955:                }
        -:  956:            }
        -:  957:        }
        -:  958:
        -:  959:        else {
        -:  960:            if (supplyCount(estate, state) > 0) {
        -:  961:                gainCard(estate, state, 0, currentPlayer);//Gain an estate
        -:  962:
        -:  963:                state->supplyCount[estate]--;//Decrement Estates
        -:  964:                if (supplyCount(estate, state) == 0) {
        -:  965:                    isGameOver(state);
        -:  966:                }
        -:  967:            }
        -:  968:        }
        -:  969:
        -:  970:
        -:  971:        return 0;
        -:  972:*/
        -:  973:    case great_hall:
        -:  974:        //+1 Card
    #####:  975:        drawCard(currentPlayer, state);
        -:  976:
        -:  977:        //+1 Actions
    #####:  978:        state->numActions++;
        -:  979:
        -:  980:        //discard card from hand
    #####:  981:        discardCard(handPos, currentPlayer, state, 0);
    #####:  982:        return 0;
        -:  983:/*
        -:  984:    case minion:
        -:  985:        //+1 action
        -:  986:        state->numActions++;
        -:  987:
        -:  988:        //discard card from hand
        -:  989:        discardCard(handPos, currentPlayer, state, 0);
        -:  990:
        -:  991:		if (choice1)
        -:  992:        {
        -:  993:            state->coins = state->coins + 2;
        -:  994:        }
        -:  995:        else if (choice2)		//discard hand, redraw 4, other players with 5+ cards discard hand and draw 4
        -:  996:        {
        -:  997:            //discard hand
        -:  998:            while(numHandCards(state) > 0)
        -:  999:            {
        -: 1000:                discardCard(handPos, currentPlayer, state, 0);
        -: 1001:            }
        -: 1002:
        -: 1003:            //draw 4
        -: 1004:            for (i = 0; i < 4; i++)
        -: 1005:            {
        -: 1006:                drawCard(currentPlayer, state);
        -: 1007:            }
        -: 1008:
        -: 1009:            //other players discard hand and redraw if hand size > 4
        -: 1010:            for (i = 0; i < state->numPlayers; i++)
        -: 1011:            {
        -: 1012:                if (i != currentPlayer)
        -: 1013:                {
        -: 1014:                    if ( state->handCount[i] > 4 )
        -: 1015:                    {
        -: 1016:                        //discard hand
        -: 1017:                        while( state->handCount[i] > 0 )
        -: 1018:                        {
        -: 1019:                            discardCard(handPos, i, state, 0);
        -: 1020:                        }
        -: 1021:
        -: 1022:                        //draw 4
        -: 1023:                        for (j = 0; j < 4; j++)
        -: 1024:                        {
        -: 1025:                            drawCard(i, state);
        -: 1026:                        }
        -: 1027:                    }
        -: 1028:                }
        -: 1029:            }
        -: 1030:
        -: 1031:        }
        -: 1032:        return 0;
        -: 1033:*/
        -: 1034:    case steward:
    #####: 1035:        if (choice1 == 1)
branch  0 never executed
branch  1 never executed
        -: 1036:        {
        -: 1037:            //+2 cards
    #####: 1038:            drawCard(currentPlayer, state);
    #####: 1039:            drawCard(currentPlayer, state);
    #####: 1040:        }
    #####: 1041:        else if (choice1 == 2)
branch  0 never executed
branch  1 never executed
        -: 1042:        {
        -: 1043:            //+2 coins
    #####: 1044:            state->coins = state->coins + 2;
    #####: 1045:        }
        -: 1046:        else
        -: 1047:        {
        -: 1048:            //trash 2 cards in hand
    #####: 1049:            discardCard(choice2, currentPlayer, state, 1);
    #####: 1050:            discardCard(choice3, currentPlayer, state, 1);
        -: 1051:        }
        -: 1052:
        -: 1053:        //discard card from hand
    #####: 1054:        discardCard(handPos, currentPlayer, state, 0);
    #####: 1055:        return 0;
        -: 1056:/*
        -: 1057:    case tribute:
        -: 1058:        if ((state->discardCount[nextPlayer] + state->deckCount[nextPlayer]) <= 1) {
        -: 1059:            if (state->deckCount[nextPlayer] > 0) {
        -: 1060:                tributeRevealedCards[0] = state->deck[nextPlayer][state->deckCount[nextPlayer]-1];
        -: 1061:                state->deckCount[nextPlayer]--;
        -: 1062:            }
        -: 1063:            else if (state->discardCount[nextPlayer] > 0) {
        -: 1064:                tributeRevealedCards[0] = state->discard[nextPlayer][state->discardCount[nextPlayer]-1];
        -: 1065:                state->discardCount[nextPlayer]--;
        -: 1066:            }
        -: 1067:            else {
        -: 1068:                //No Card to Reveal
        -: 1069:                if (DEBUG) {
        -: 1070:                    printf("No cards to reveal\n");
        -: 1071:                }
        -: 1072:            }
        -: 1073:        }
        -: 1074:
        -: 1075:        else {
        -: 1076:            if (state->deckCount[nextPlayer] == 0) {
        -: 1077:                for (i = 0; i < state->discardCount[nextPlayer]; i++) {
        -: 1078:                    state->deck[nextPlayer][i] = state->discard[nextPlayer][i];//Move to deck
        -: 1079:                    state->deckCount[nextPlayer]++;
        -: 1080:                    state->discard[nextPlayer][i] = -1;
        -: 1081:                    state->discardCount[nextPlayer]--;
        -: 1082:                }
        -: 1083:
        -: 1084:                shuffle(nextPlayer,state);//Shuffle the deck
        -: 1085:            }
        -: 1086:            tributeRevealedCards[0] = state->deck[nextPlayer][state->deckCount[nextPlayer]-1];
        -: 1087:            state->deck[nextPlayer][state->deckCount[nextPlayer]--] = -1;
        -: 1088:            state->deckCount[nextPlayer]--;
        -: 1089:            tributeRevealedCards[1] = state->deck[nextPlayer][state->deckCount[nextPlayer]-1];
        -: 1090:            state->deck[nextPlayer][state->deckCount[nextPlayer]--] = -1;
        -: 1091:            state->deckCount[nextPlayer]--;
        -: 1092:        }
        -: 1093:
        -: 1094:        if (tributeRevealedCards[0] == tributeRevealedCards[1]) { //If we have a duplicate card, just drop one
        -: 1095:            state->playedCards[state->playedCardCount] = tributeRevealedCards[1];
        -: 1096:            state->playedCardCount++;
        -: 1097:            tributeRevealedCards[1] = -1;
        -: 1098:        }
        -: 1099:
        -: 1100:        for (i = 0; i <= 2; i ++) {
        -: 1101:            if (tributeRevealedCards[i] == copper || tributeRevealedCards[i] == silver || tributeRevealedCards[i] == gold) { //Treasure cards
        -: 1102:                state->coins += 2;
        -: 1103:            }
        -: 1104:
        -: 1105:            else if (tributeRevealedCards[i] == estate || tributeRevealedCards[i] == duchy || tributeRevealedCards[i] == province || tributeRevealedCards[i] == gardens || tributeRevealedCards[i] == great_hall) { //Victory Card Found
        -: 1106:                drawCard(currentPlayer, state);
        -: 1107:                drawCard(currentPlayer, state);
        -: 1108:            }
        -: 1109:            else { //Action Card
        -: 1110:                state->numActions = state->numActions + 2;
        -: 1111:            }
        -: 1112:        }
        -: 1113:
        -: 1114:        return 0;
        -: 1115:*/
        -: 1116:/*
        -: 1117:    case ambassador:
        -: 1118:        j = 0;		//used to check if player has enough cards to discard
        -: 1119:
        -: 1120:        if (choice2 > 2 || choice2 < 0)
        -: 1121:        {
        -: 1122:            return -1;
        -: 1123:        }
        -: 1124:
        -: 1125:        if (choice1 == handPos)
        -: 1126:        {
        -: 1127:            return -1;
        -: 1128:        }
        -: 1129:
        -: 1130:        for (i = 0; i < state->handCount[currentPlayer]; i++)
        -: 1131:        {
        -: 1132:            if (i != handPos && i == state->hand[currentPlayer][choice1] && i != choice1)
        -: 1133:            {
        -: 1134:                j++;
        -: 1135:            }
        -: 1136:        }
        -: 1137:        if (j < choice2)
        -: 1138:        {
        -: 1139:            return -1;
        -: 1140:        }
        -: 1141:
        -: 1142:        if (DEBUG)
        -: 1143:            printf("Player %d reveals card number: %d\n", currentPlayer, state->hand[currentPlayer][choice1]);
        -: 1144:
        -: 1145:        //increase supply count for choosen card by amount being discarded
        -: 1146:        state->supplyCount[state->hand[currentPlayer][choice1]] += choice2;
        -: 1147:
        -: 1148:        //each other player gains a copy of revealed card
        -: 1149:        for (i = 0; i < state->numPlayers; i++)
        -: 1150:        {
        -: 1151:            if (i != currentPlayer)
        -: 1152:            {
        -: 1153:                gainCard(state->hand[currentPlayer][choice1], state, 0, i);
        -: 1154:            }
        -: 1155:        }
        -: 1156:
        -: 1157:        //discard played card from hand
        -: 1158:        discardCard(handPos, currentPlayer, state, 0);
        -: 1159:
        -: 1160:        //trash copies of cards returned to supply
        -: 1161:        for (j = 0; j < choice2; j++)
        -: 1162:        {
        -: 1163:            for (i = 0; i < state->handCount[currentPlayer]; i++)
        -: 1164:            {
        -: 1165:                if (state->hand[currentPlayer][i] == state->hand[currentPlayer][choice1])
        -: 1166:                {
        -: 1167:                    discardCard(i, currentPlayer, state, 1);
        -: 1168:                    break;
        -: 1169:                }
        -: 1170:            }
        -: 1171:        }
        -: 1172:
        -: 1173:        return 0;
        -: 1174:*/
        -: 1175:    case cutpurse:
        -: 1176:
    #####: 1177:        updateCoins(currentPlayer, state, 2);
    #####: 1178:        for (i = 0; i < state->numPlayers; i++)
branch  0 never executed
branch  1 never executed
        -: 1179:        {
    #####: 1180:            if (i != currentPlayer)
branch  0 never executed
branch  1 never executed
        -: 1181:            {
    #####: 1182:                for (j = 0; j < state->handCount[i]; j++)
branch  0 never executed
branch  1 never executed
        -: 1183:                {
    #####: 1184:                    if (state->hand[i][j] == copper)
branch  0 never executed
branch  1 never executed
        -: 1185:                    {
    #####: 1186:                        discardCard(j, i, state, 0);
    #####: 1187:                        break;
        -: 1188:                    }
    #####: 1189:                    if (j == state->handCount[i])
branch  0 never executed
branch  1 never executed
        -: 1190:                    {
    #####: 1191:                        for (k = 0; k < state->handCount[i]; k++)
branch  0 never executed
branch  1 never executed
        -: 1192:                        {
        -: 1193:                            if (DEBUG)
        -: 1194:                                printf("Player %d reveals card number %d\n", i, state->hand[i][k]);
    #####: 1195:                        }
    #####: 1196:                        break;
        -: 1197:                    }
    #####: 1198:                }
        -: 1199:
    #####: 1200:            }
        -: 1201:
    #####: 1202:        }
        -: 1203:
        -: 1204:        //discard played card from hand
    #####: 1205:        discardCard(handPos, currentPlayer, state, 0);
        -: 1206:
    #####: 1207:        return 0;
        -: 1208:
        -: 1209:
        -: 1210:    case embargo:
        -: 1211:        //+2 Coins
    #####: 1212:        state->coins = state->coins + 2;
        -: 1213:
        -: 1214:        //see if selected pile is in play
    #####: 1215:        if ( state->supplyCount[choice1] == -1 )
branch  0 never executed
branch  1 never executed
        -: 1216:        {
    #####: 1217:            return -1;
        -: 1218:        }
        -: 1219:
        -: 1220:        //add embargo token to selected supply pile
    #####: 1221:        state->embargoTokens[choice1]++;
        -: 1222:
        -: 1223:        //trash card
    #####: 1224:        discardCard(handPos, currentPlayer, state, 1);
    #####: 1225:        return 0;
        -: 1226:
        -: 1227:    case outpost:
        -: 1228:        //set outpost flag
    #####: 1229:        state->outpostPlayed++;
        -: 1230:
        -: 1231:        //discard card
    #####: 1232:        discardCard(handPos, currentPlayer, state, 0);
    #####: 1233:        return 0;
        -: 1234:
        -: 1235:    case salvager:
        -: 1236:        //+1 buy
    #####: 1237:        state->numBuys++;
        -: 1238:
    #####: 1239:        if (choice1)
branch  0 never executed
branch  1 never executed
        -: 1240:        {
        -: 1241:            //gain coins equal to trashed card
    #####: 1242:            state->coins = state->coins + getCost( handCard(choice1, state) );
        -: 1243:            //trash card
    #####: 1244:            discardCard(choice1, currentPlayer, state, 1);
    #####: 1245:        }
        -: 1246:
        -: 1247:        //discard card
    #####: 1248:        discardCard(handPos, currentPlayer, state, 0);
    #####: 1249:        return 0;
        -: 1250:
        -: 1251:    case sea_hag:
    #####: 1252:        for (i = 0; i < state->numPlayers; i++) {
branch  0 never executed
branch  1 never executed
    #####: 1253:            if (i != currentPlayer) {
branch  0 never executed
branch  1 never executed
    #####: 1254:                state->discard[i][state->discardCount[i]] = state->deck[i][state->deckCount[i]--];
    #####: 1255:                state->deckCount[i]--;
    #####: 1256:                state->discardCount[i]++;
    #####: 1257:                state->deck[i][state->deckCount[i]--] = curse;//Top card now a curse
    #####: 1258:            }
    #####: 1259:        }
    #####: 1260:        return 0;
        -: 1261:
        -: 1262:    case treasure_map:
        -: 1263:        //search hand for another treasure_map
    #####: 1264:        index = -1;
    #####: 1265:        for (i = 0; i < state->handCount[currentPlayer]; i++)
branch  0 never executed
branch  1 never executed
        -: 1266:        {
    #####: 1267:            if (state->hand[currentPlayer][i] == treasure_map && i != handPos)
branch  0 never executed
branch  1 never executed
branch  2 never executed
branch  3 never executed
        -: 1268:            {
    #####: 1269:                index = i;
    #####: 1270:                break;
        -: 1271:            }
    #####: 1272:        }
    #####: 1273:        if (index > -1)
branch  0 never executed
branch  1 never executed
        -: 1274:        {
        -: 1275:            //trash both treasure cards
    #####: 1276:            discardCard(handPos, currentPlayer, state, 1);
    #####: 1277:            discardCard(index, currentPlayer, state, 1);
        -: 1278:
        -: 1279:            //gain 4 Gold cards
    #####: 1280:            for (i = 0; i < 4; i++)
branch  0 never executed
branch  1 never executed
        -: 1281:            {
    #####: 1282:                gainCard(gold, state, 1, currentPlayer);
    #####: 1283:            }
        -: 1284:
        -: 1285:            //return success
    #####: 1286:            return 1;
        -: 1287:        }
        -: 1288:
        -: 1289:        //no second treasure_map found in hand
    #####: 1290:        return -1;
        -: 1291:    }
        -: 1292:
    #####: 1293:    return -1;
     6000: 1294:}
        -: 1295:
        -: 1296:///////////////////Refactored Dominion Code////////////////////////////
        -: 1297:
function minion2 called 2000 returned 100% blocks executed 72%
     2000: 1298:int minion2(struct gameState *state, int handPos, int choice1, int choice2)
        -: 1299:{
     2000: 1300:    int currentPlayer = whoseTurn(state);
        -: 1301:
        -: 1302:    //discard card from hand
     2000: 1303:    discardCard(handPos, currentPlayer, state, 0);
        -: 1304:
     2000: 1305:    if (choice1)
branch  0 taken 67%
branch  1 taken 33%
        -: 1306:    {
     1342: 1307:        state->coins = state->coins + 2;
     1342: 1308:    }
      658: 1309:    else if (choice2) //discard hand, redraw 4, other players with 5+ cards discard hand and draw 4
branch  0 taken 64%
branch  1 taken 36%
        -: 1310:    {
        -: 1311:        //discard hand
     1789: 1312:        while (numHandCards(state) > 0)
branch  0 taken 76%
branch  1 taken 24%
        -: 1313:        {
     1365: 1314:            discardCard(handPos, currentPlayer, state, 0);
        -: 1315:        }
        -: 1316:
        -: 1317:        //draw 4
     2120: 1318:        for (int i = 0; i < 4; i++)
branch  0 taken 80%
branch  1 taken 20%
        -: 1319:        {
     1696: 1320:            drawCard(currentPlayer, state);
     1696: 1321:        }
        -: 1322:
        -: 1323:        //other players discard hand and redraw if hand size > 4
     1466: 1324:        for (int i = 0; i < state->numPlayers; i++)
branch  0 taken 71%
branch  1 taken 29%
        -: 1325:        {
     1042: 1326:            if (i == currentPlayer)
branch  0 taken 41%
branch  1 taken 59%
        -: 1327:            {
      424: 1328:                if (state->handCount[i] > 4)
branch  0 taken 0%
branch  1 taken 100%
        -: 1329:                {
        -: 1330:                    //discard hand
    #####: 1331:                    while (state->handCount[i] > 0)
branch  0 never executed
branch  1 never executed
        -: 1332:                    {
    #####: 1333:                        discardCard(handPos, i, state, 0);
        -: 1334:                    }
        -: 1335:
        -: 1336:                    //draw 4
    #####: 1337:                    for (int j = 0; j < 4; j++)
branch  0 never executed
branch  1 never executed
        -: 1338:                    {
    #####: 1339:                        drawCard(i, state);
    #####: 1340:                    }
    #####: 1341:                }
      424: 1342:            }
     1042: 1343:        }
      424: 1344:    }
     2000: 1345:    return 0;
        -: 1346:}
        -: 1347:
function baron2 called 2000 returned 100% blocks executed 100%
     2000: 1348:int baron2(struct gameState *state, int currentPlayer, int choice1) {
     2000: 1349:    state->numBuys++; //Increase buys by 1!
     2000: 1350:    if (choice1 > 0)
branch  0 taken 67%
branch  1 taken 33%
        -: 1351:    {                               //Boolean true or going to discard an estate
     1342: 1352:        int p = 0;                  //Iterator for hand!
     1342: 1353:        int card_not_discarded = 1; //Flag for discard set!
     6348: 1354:        while (card_not_discarded)
branch  0 taken 79%
branch  1 taken 21%
        -: 1355:        {
     5006: 1356:            if (state->hand[currentPlayer][p] == estate)
branch  0 taken 18%
branch  1 taken 82%
        -: 1357:            { //Found an estate card!
        -: 1358:
      901: 1359:                state->discard[currentPlayer][state->discardCount[currentPlayer]] = state->hand[currentPlayer][p];
      901: 1360:                state->discardCount[currentPlayer]++;
     3813: 1361:                for (; p < state->handCount[currentPlayer]; p++)
branch  0 taken 76%
branch  1 taken 24%
        -: 1362:                {
     2912: 1363:                    state->hand[currentPlayer][p] = state->hand[currentPlayer][p + 1];
     2912: 1364:                }
      901: 1365:                state->hand[currentPlayer][state->handCount[currentPlayer]] = -1;
      901: 1366:                state->handCount[currentPlayer]--;
      901: 1367:                card_not_discarded = 0; //Exit the loop
      901: 1368:            }
     4105: 1369:            else if (p > state->handCount[currentPlayer])
branch  0 taken 11%
branch  1 taken 89%
        -: 1370:            {
        -: 1371:                if (DEBUG)
        -: 1372:                {
        -: 1373:                    printf("No estate cards in your hand, invalid choice\n");
        -: 1374:                    printf("Must gain an estate if there are any\n");
        -: 1375:                }
      441: 1376:                if (supplyCount(estate, state) > 0)
branch  0 taken 99%
branch  1 taken 1%
        -: 1377:                {
      437: 1378:                    gainCard(estate, state, 0, currentPlayer);
        -: 1379:
      437: 1380:                    state->supplyCount[estate]--; //Decrement estates
      437: 1381:                    if (supplyCount(estate, state) == 0)
branch  0 taken 1%
branch  1 taken 99%
        -: 1382:                    {
        6: 1383:                        isGameOver(state);
        6: 1384:                    }
      437: 1385:                }
      441: 1386:                card_not_discarded = 0; //Exit the loop
      441: 1387:            }
        -: 1388:
        -: 1389:            else
        -: 1390:            {
     3664: 1391:                p++; //Next card
        -: 1392:            }
        -: 1393:        }
     1342: 1394:    }
        -: 1395:    else
        -: 1396:    {
      658: 1397:        if (supplyCount(estate, state) > 0)
branch  0 taken 100%
branch  1 taken 0%
        -: 1398:        {
      658: 1399:            gainCard(estate, state, 0, currentPlayer); //Gain an estate
        -: 1400:
      658: 1401:            if (supplyCount(estate, state) == 0)
branch  0 taken 1%
branch  1 taken 99%
        -: 1402:            {
        1: 1403:                isGameOver(state);
        1: 1404:            }
      658: 1405:        }
        -: 1406:    }
     2000: 1407:    return 0;
        -: 1408:}
        -: 1409:
function ambassador2 called 0 returned 0% blocks executed 0%
    #####: 1410:int ambassador2(int choice2, int choice1, int handPos, struct gameState *state){
        -: 1411:    int i;
        -: 1412:    int j;
    #####: 1413:    int currentPlayer = whoseTurn(state);
        -: 1414:
        -: 1415:
    #####: 1416:        j = 0;		//used to check if player has enough cards to discard
        -: 1417:
    #####: 1418:    if (choice2 > 2 || choice2 < 0)
branch  0 never executed
branch  1 never executed
branch  2 never executed
branch  3 never executed
        -: 1419:    {
    #####: 1420:        return -1;
        -: 1421:    }
        -: 1422:
    #####: 1423:    if (choice1 == handPos)
branch  0 never executed
branch  1 never executed
        -: 1424:    {
    #####: 1425:        return -1;
        -: 1426:    }
        -: 1427:
    #####: 1428:    for (i = 0; i < state->handCount[currentPlayer]; i++)
branch  0 never executed
branch  1 never executed
        -: 1429:    {
    #####: 1430:        if (i != handPos && i == state->hand[currentPlayer][choice1] && i != choice1)
branch  0 never executed
branch  1 never executed
branch  2 never executed
branch  3 never executed
branch  4 never executed
branch  5 never executed
        -: 1431:        {
    #####: 1432:            j++;
    #####: 1433:        }
    #####: 1434:    }
    #####: 1435:    if (j < choice2)
branch  0 never executed
branch  1 never executed
        -: 1436:    {
    #####: 1437:        return -1;
        -: 1438:    }
        -: 1439:
        -: 1440:    if (DEBUG)
        -: 1441:        printf("Player %d reveals card number: %d\n", currentPlayer, state->hand[currentPlayer][choice1]);
        -: 1442:
        -: 1443:    //increase supply count for choosen card by amount being discarded
    #####: 1444:    state->supplyCount[state->hand[currentPlayer][choice1]] += choice2;
        -: 1445:
        -: 1446:    //each other player gains a copy of revealed card
    #####: 1447:    for (i = 0; i < state->numPlayers; i++)
branch  0 never executed
branch  1 never executed
        -: 1448:    {
    #####: 1449:        if (i != currentPlayer)
branch  0 never executed
branch  1 never executed
        -: 1450:        {
    #####: 1451:            gainCard(state->hand[currentPlayer][choice1], state, 0, i);
    #####: 1452:        }
    #####: 1453:    }
        -: 1454:
        -: 1455:    //discard played card from hand
    #####: 1456:    discardCard(handPos, currentPlayer, state, 0);
        -: 1457:
        -: 1458:    //trash copies of cards returned to supply
    #####: 1459:    for (j = 0; j < choice2; j++)
branch  0 never executed
branch  1 never executed
        -: 1460:    {
    #####: 1461:        for (i = 0; i < state->handCount[currentPlayer]; i++)
branch  0 never executed
branch  1 never executed
        -: 1462:        {
    #####: 1463:            if (state->hand[currentPlayer][i] == state->hand[currentPlayer][choice1])
branch  0 never executed
branch  1 never executed
        -: 1464:            {
    #####: 1465:                discardCard(i, currentPlayer, state, 1);
    #####: 1466:                break;
        -: 1467:            }
    #####: 1468:        }
    #####: 1469:    }
        -: 1470:
    #####: 1471:    return 0;
        -: 1472:
        -: 1473:
    #####: 1474:}
        -: 1475:
function tribute2 called 2000 returned 100% blocks executed 80%
     2000: 1476:int tribute2(int *tributeRevealedCards, struct gameState *state, int currentPlayer, int nextPlayer){
        -: 1477:    int i;
        -: 1478:
     2000: 1479:        if ((state->discardCount[nextPlayer] + state->deckCount[nextPlayer]) <= 1) {
branch  0 taken 10%
branch  1 taken 90%
      207: 1480:            if (state->deckCount[nextPlayer] > 0) {
branch  0 taken 0%
branch  1 taken 100%
    #####: 1481:                tributeRevealedCards[0] = state->deck[nextPlayer][state->deckCount[nextPlayer]-1];
    #####: 1482:                state->deckCount[nextPlayer]--;
    #####: 1483:            }
      207: 1484:            else if (state->discardCount[nextPlayer] > 0) {
branch  0 taken 0%
branch  1 taken 100%
    #####: 1485:                tributeRevealedCards[0] = state->discard[nextPlayer][state->discardCount[nextPlayer]-1];
    #####: 1486:                state->discardCount[nextPlayer]--;
    #####: 1487:            }
        -: 1488:            else {
        -: 1489:                //No Card to Reveal
        -: 1490:                if (DEBUG) {
        -: 1491:                    printf("No cards to reveal\n");
        -: 1492:                }
        -: 1493:            }
      207: 1494:        }
        -: 1495:
        -: 1496:        else {
     1793: 1497:            if (state->deckCount[nextPlayer] == 0) {
branch  0 taken 0%
branch  1 taken 100%
    #####: 1498:                for (i = 0; i < state->discardCount[nextPlayer]; i++) {
branch  0 never executed
branch  1 never executed
    #####: 1499:                    state->deck[nextPlayer][i] = state->discard[nextPlayer][i];//Move to deck
    #####: 1500:                    state->deckCount[nextPlayer]++;
    #####: 1501:                    state->discard[nextPlayer][i] = -1;
    #####: 1502:                    state->discardCount[nextPlayer]--;
    #####: 1503:                }
        -: 1504:
    #####: 1505:                shuffle(nextPlayer,state);//Shuffle the deck
    #####: 1506:            }
     1793: 1507:            tributeRevealedCards[0] = state->deck[nextPlayer][state->deckCount[nextPlayer]-1];
     1793: 1508:            state->deck[nextPlayer][state->deckCount[nextPlayer]--] = -1;
     1793: 1509:            state->deckCount[nextPlayer]--;
     1793: 1510:            tributeRevealedCards[1] = state->deck[nextPlayer][state->deckCount[nextPlayer]-1];
     1793: 1511:            state->deck[nextPlayer][state->deckCount[nextPlayer]--] = -1;
     1793: 1512:            state->deckCount[nextPlayer]--;
        -: 1513:        }
        -: 1514:
     2000: 1515:    if (tributeRevealedCards[0] == tributeRevealedCards[1]) { //If we have a duplicate card, just drop one
branch  0 taken 53%
branch  1 taken 47%
     1051: 1516:        state->playedCards[state->playedCardCount] = tributeRevealedCards[1];
     1051: 1517:        state->playedCardCount++;
     1051: 1518:        tributeRevealedCards[1] = -1;
     1051: 1519:    }
        -: 1520:
     8000: 1521:    for (i = 0; i <= 2; i ++) {
branch  0 taken 75%
branch  1 taken 25%
     6000: 1522:        if (tributeRevealedCards[i] == copper || tributeRevealedCards[i] == silver || tributeRevealedCards[i] == gold) { //Treasure cards
branch  0 taken 73%
branch  1 taken 27%
branch  2 taken 100%
branch  3 taken 0%
branch  4 taken 0%
branch  5 taken 100%
     1611: 1523:            state->coins += 2;
     1611: 1524:        }
        -: 1525:
     4389: 1526:        else if (tributeRevealedCards[i] == estate || tributeRevealedCards[i] == duchy || tributeRevealedCards[i] == province || tributeRevealedCards[i] == gardens || tributeRevealedCards[i] == great_hall) { //Victory Card Found
branch  0 taken 80%
branch  1 taken 20%
branch  2 taken 100%
branch  3 taken 0%
branch  4 taken 100%
branch  5 taken 0%
branch  6 taken 100%
branch  7 taken 0%
branch  8 taken 0%
branch  9 taken 100%
      882: 1527:            drawCard(currentPlayer, state);
      882: 1528:            drawCard(currentPlayer, state);
      882: 1529:        }
        -: 1530:        else { //Action Card
     3507: 1531:            state->numActions = state->numActions + 2;
        -: 1532:        }
     6000: 1533:    }
        -: 1534:
     2000: 1535:    return 0;
        -: 1536:
        -: 1537:}
        -: 1538:
function mine2 called 0 returned 0% blocks executed 0%
    #####: 1539:int mine2(struct gameState *state, int handPos, int choice1, int choice2){
        -: 1540:
        -: 1541:    int i;
        -: 1542:    int j;
    #####: 1543:    int currentPlayer = whoseTurn(state);
        -: 1544:
        -: 1545: //BUG       j = state->hand[currentPlayer][choice1];  //store card we will trash
        -: 1546:
    #####: 1547:    if (state->hand[currentPlayer][choice1] < copper || state->hand[currentPlayer][choice1] > gold)
branch  0 never executed
branch  1 never executed
branch  2 never executed
branch  3 never executed
        -: 1548:    {
    #####: 1549:        return -1;
        -: 1550:    }
        -: 1551:
    #####: 1552:    if (choice2 > treasure_map || choice2 < curse)
branch  0 never executed
branch  1 never executed
branch  2 never executed
branch  3 never executed
        -: 1553:    {
    #####: 1554:        return -1;
        -: 1555:    }
        -: 1556:
    #####: 1557:    if ( (getCost(state->hand[currentPlayer][choice1]) + 3) > getCost(choice2) )
branch  0 never executed
branch  1 never executed
        -: 1558:    {
    #####: 1559:        return -1;
        -: 1560:    }
        -: 1561:
    #####: 1562:    gainCard(choice2, state, 2, currentPlayer);
        -: 1563:
        -: 1564:    //discard card from hand
    #####: 1565:    discardCard(handPos, currentPlayer, state, 0);
        -: 1566:
        -: 1567:    //discard trashed card
    #####: 1568:    for (i = 0; i < state->handCount[currentPlayer]; i++)
branch  0 never executed
branch  1 never executed
        -: 1569:    {
    #####: 1570:        if (state->hand[currentPlayer][i] == j)
branch  0 never executed
branch  1 never executed
        -: 1571:        {
    #####: 1572:            discardCard(i, currentPlayer, state, 0);
    #####: 1573:            break;
        -: 1574:        }
    #####: 1575:    }
        -: 1576:
    #####: 1577:    return 0;
        -: 1578:
    #####: 1579:}
        -: 1580:
function discardCard called 3365 returned 100% blocks executed 90%
     3365: 1581:int discardCard(int handPos, int currentPlayer, struct gameState *state, int trashFlag)
        -: 1582:{
        -: 1583:
        -: 1584:    //if card is not trashed, added to Played pile
     3365: 1585:    if (trashFlag < 1)
branch  0 taken 100%
branch  1 taken 0%
        -: 1586:    {
        -: 1587:        //add card to played pile
     3365: 1588:        state->playedCards[state->playedCardCount] = state->hand[currentPlayer][handPos];
     3365: 1589:        state->playedCardCount++;
     3365: 1590:    }
        -: 1591:
        -: 1592:    //set played card to -1
     3365: 1593:    state->hand[currentPlayer][handPos] = -1;
        -: 1594:
        -: 1595:    //remove card from player's hand
     3365: 1596:    if ( handPos == (state->handCount[currentPlayer] - 1) ) 	//last card in hand array is played
branch  0 taken 14%
branch  1 taken 86%
        -: 1597:    {
        -: 1598:        //reduce number of cards in hand
      460: 1599:        state->handCount[currentPlayer]--;
      460: 1600:    }
     2905: 1601:    else if ( state->handCount[currentPlayer] == 1 ) //only one card in hand
branch  0 taken 0%
branch  1 taken 100%
        -: 1602:    {
        -: 1603:        //reduce number of cards in hand
    #####: 1604:        state->handCount[currentPlayer]--;
    #####: 1605:    }
        -: 1606:    else
        -: 1607:    {
        -: 1608:        //replace discarded card with last card in hand
     2905: 1609:        state->hand[currentPlayer][handPos] = state->hand[currentPlayer][ (state->handCount[currentPlayer] - 1)];
        -: 1610:        //set last card to -1
     2905: 1611:        state->hand[currentPlayer][state->handCount[currentPlayer] - 1] = -1;
        -: 1612:        //reduce number of cards in hand
     2905: 1613:        state->handCount[currentPlayer]--;
        -: 1614:    }
        -: 1615:
     3365: 1616:    return 0;
        -: 1617:}
        -: 1618:
function gainCard called 1095 returned 100% blocks executed 72%
     1095: 1619:int gainCard(int supplyPos, struct gameState *state, int toFlag, int player)
        -: 1620:{
        -: 1621:    //Note: supplyPos is enum of choosen card
        -: 1622:
        -: 1623:    //check if supply pile is empty (0) or card is not used in game (-1)
     1095: 1624:    if ( supplyCount(supplyPos, state) < 1 )
branch  0 taken 0%
branch  1 taken 100%
        -: 1625:    {
    #####: 1626:        return -1;
        -: 1627:    }
        -: 1628:
        -: 1629:    //added card for [whoseTurn] current player:
        -: 1630:    // toFlag = 0 : add to discard
        -: 1631:    // toFlag = 1 : add to deck
        -: 1632:    // toFlag = 2 : add to hand
        -: 1633:
     1095: 1634:    if (toFlag == 1)
branch  0 taken 0%
branch  1 taken 100%
        -: 1635:    {
    #####: 1636:        state->deck[ player ][ state->deckCount[player] ] = supplyPos;
    #####: 1637:        state->deckCount[player]++;
    #####: 1638:    }
     1095: 1639:    else if (toFlag == 2)
branch  0 taken 0%
branch  1 taken 100%
        -: 1640:    {
    #####: 1641:        state->hand[ player ][ state->handCount[player] ] = supplyPos;
    #####: 1642:        state->handCount[player]++;
    #####: 1643:    }
        -: 1644:    else
        -: 1645:    {
     1095: 1646:        state->discard[player][ state->discardCount[player] ] = supplyPos;
     1095: 1647:        state->discardCount[player]++;
        -: 1648:    }
        -: 1649:
        -: 1650:    //decrease number in supply pile
     1095: 1651:    state->supplyCount[supplyPos]--;
        -: 1652:
     1095: 1653:    return 0;
     1095: 1654:}
        -: 1655:
function updateCoins called 3096 returned 100% blocks executed 85%
     3096: 1656:int updateCoins(int player, struct gameState *state, int bonus)
        -: 1657:{
        -: 1658:    int i;
        -: 1659:
        -: 1660:    //reset coin count
        -: 1661://BUG    state->coins = 0;
        -: 1662:
        -: 1663:    //add coins for each Treasure card in player's hand
    18576: 1664:    for (i = 0; i < state->handCount[player]; i++)
branch  0 taken 83%
branch  1 taken 17%
        -: 1665:    {
    15480: 1666:        if (state->hand[player][i] == copper)
branch  0 taken 71%
branch  1 taken 29%
        -: 1667:        {
    11034: 1668:            state->coins += 1;
    11034: 1669:        }
     4446: 1670:        else if (state->hand[player][i] == silver)
branch  0 taken 0%
branch  1 taken 100%
        -: 1671:        {
    #####: 1672:            state->coins += 2;
    #####: 1673:        }
     4446: 1674:        else if (state->hand[player][i] == gold)
branch  0 taken 0%
branch  1 taken 100%
        -: 1675:        {
    #####: 1676:            state->coins += 3;
    #####: 1677:        }
    15480: 1678:    }
        -: 1679:
        -: 1680:    //add bonus
     3096: 1681:    state->coins += bonus;
        -: 1682:
     3096: 1683:    return 0;
        -: 1684:}
        -: 1685:
        -: 1686:
        -: 1687://end of dominion.c
        -: 1688:
